<?xml version="1.0" encoding="UTF-8"?>
<coverage generated="1776325634977" clover="3.2.0">
  <project timestamp="1776325634977" name="All files">
    <metrics statements="830" coveredstatements="114" conditionals="440" coveredconditionals="17" methods="128" coveredmethods="17" elements="1398" coveredelements="148" complexity="0" loc="830" ncloc="830" packages="1" files="1" classes="1"/>
    <file name="index.cjs" path="/home/bandi/Documents/projects/vizsgaremek/backend/Squirkle-backend/index.cjs">
      <metrics statements="830" coveredstatements="114" conditionals="440" coveredconditionals="17" methods="128" coveredmethods="17"/>
      <line num="1" count="3" type="stmt"/>
      <line num="2" count="3" type="stmt"/>
      <line num="3" count="3" type="stmt"/>
      <line num="4" count="3" type="stmt"/>
      <line num="5" count="3" type="stmt"/>
      <line num="6" count="3" type="stmt"/>
      <line num="7" count="3" type="stmt"/>
      <line num="9" count="3" type="stmt"/>
      <line num="12" count="3" type="stmt"/>
      <line num="14" count="3" type="stmt"/>
      <line num="16" count="3" type="stmt"/>
      <line num="17" count="2" type="cond" truecount="3" falsecount="1"/>
      <line num="18" count="0" type="stmt"/>
      <line num="21" count="2" type="cond" truecount="1" falsecount="1"/>
      <line num="22" count="0" type="stmt"/>
      <line num="25" count="2" type="cond" truecount="2" falsecount="0"/>
      <line num="26" count="1" type="stmt"/>
      <line num="27" count="1" type="stmt"/>
      <line num="28" count="1" type="stmt"/>
      <line num="30" count="1" type="stmt"/>
      <line num="33" count="1" type="stmt"/>
      <line num="36" count="3" type="stmt"/>
      <line num="37" count="0" type="cond" truecount="0" falsecount="5"/>
      <line num="38" count="0" type="stmt"/>
      <line num="41" count="0" type="cond" truecount="0" falsecount="2"/>
      <line num="42" count="0" type="cond" truecount="0" falsecount="2"/>
      <line num="45" count="0" type="cond" truecount="0" falsecount="2"/>
      <line num="46" count="0" type="cond" truecount="0" falsecount="2"/>
      <line num="47" count="0" type="stmt"/>
      <line num="48" count="0" type="cond" truecount="0" falsecount="2"/>
      <line num="49" count="0" type="stmt"/>
      <line num="52" count="0" type="stmt"/>
      <line num="55" count="0" type="cond" truecount="0" falsecount="2"/>
      <line num="56" count="0" type="cond" truecount="0" falsecount="2"/>
      <line num="57" count="0" type="stmt"/>
      <line num="60" count="0" type="stmt"/>
      <line num="64" count="1" type="stmt"/>
      <line num="66" count="1" type="stmt"/>
      <line num="69" count="0" type="stmt"/>
      <line num="71" count="0" type="stmt"/>
      <line num="72" count="0" type="stmt"/>
      <line num="75" count="0" type="stmt"/>
      <line num="80" count="1" type="stmt"/>
      <line num="81" count="1" type="cond" truecount="2" falsecount="0"/>
      <line num="82" count="1" type="cond" truecount="1" falsecount="1"/>
      <line num="83" count="1" type="stmt"/>
      <line num="86" count="0" type="cond" truecount="0" falsecount="2"/>
      <line num="87" count="0" type="stmt"/>
      <line num="89" count="0" type="stmt"/>
      <line num="90" count="0" type="stmt"/>
      <line num="93" count="0" type="stmt"/>
      <line num="96" count="0" type="stmt"/>
      <line num="102" count="24" type="stmt"/>
      <line num="103" count="0" type="stmt"/>
      <line num="104" count="0" type="stmt"/>
      <line num="106" count="0" type="stmt"/>
      <line num="107" count="0" type="cond" truecount="0" falsecount="2"/>
      <line num="108" count="0" type="stmt"/>
      <line num="111" count="0" type="stmt"/>
      <line num="112" count="0" type="cond" truecount="0" falsecount="2"/>
      <line num="113" count="0" type="stmt"/>
      <line num="116" count="0" type="stmt"/>
      <line num="117" count="0" type="cond" truecount="0" falsecount="2"/>
      <line num="118" count="0" type="cond" truecount="0" falsecount="2"/>
      <line num="120" count="0" type="stmt"/>
      <line num="123" count="0" type="cond" truecount="0" falsecount="2"/>
      <line num="124" count="0" type="stmt"/>
      <line num="127" count="0" type="stmt"/>
      <line num="129" count="0" type="stmt"/>
      <line num="134" count="0" type="stmt"/>
      <line num="137" count="24" type="cond" truecount="0" falsecount="2"/>
      <line num="138" count="0" type="stmt"/>
      <line num="139" count="0" type="stmt"/>
      <line num="141" count="0" type="stmt"/>
      <line num="142" count="0" type="cond" truecount="0" falsecount="2"/>
      <line num="144" count="0" type="stmt"/>
      <line num="149" count="0" type="stmt"/>
      <line num="155" count="24" type="stmt"/>
      <line num="156" count="1" type="stmt"/>
      <line num="157" count="0" type="stmt"/>
      <line num="159" count="0" type="stmt"/>
      <line num="160" count="0" type="stmt"/>
      <line num="165" count="0" type="stmt"/>
      <line num="170" count="0" type="stmt"/>
      <line num="171" count="0" type="stmt"/>
      <line num="172" count="0" type="stmt"/>
      <line num="173" count="0" type="stmt"/>
      <line num="178" count="3" type="stmt"/>
      <line num="179" count="24" type="stmt"/>
      <line num="180" count="0" type="stmt"/>
      <line num="182" count="0" type="stmt"/>
      <line num="183" count="0" type="stmt"/>
      <line num="184" count="0" type="stmt"/>
      <line num="185" count="0" type="stmt"/>
      <line num="186" count="0" type="stmt"/>
      <line num="189" count="0" type="stmt"/>
      <line num="193" count="3" type="stmt"/>
      <line num="194" count="3" type="stmt"/>
      <line num="195" count="0" type="stmt"/>
      <line num="196" count="0" type="stmt"/>
      <line num="197" count="0" type="stmt"/>
      <line num="200" count="3" type="stmt"/>
      <line num="201" count="3" type="stmt"/>
      <line num="203" count="0" type="stmt"/>
      <line num="207" count="4" type="stmt"/>
      <line num="208" count="1" type="stmt"/>
      <line num="213" count="3" type="cond" truecount="1" falsecount="1"/>
      <line num="215" count="3" type="stmt"/>
      <line num="217" count="3" type="stmt"/>
      <line num="219" count="3" type="stmt"/>
      <line num="220" count="3" type="stmt"/>
      <line num="221" count="3" type="stmt"/>
      <line num="223" count="3" type="stmt"/>
      <line num="229" count="3" type="stmt"/>
      <line num="235" count="3" type="stmt"/>
      <line num="239" count="3" type="cond" truecount="1" falsecount="1"/>
      <line num="244" count="3" type="stmt"/>
      <line num="245" count="3" type="stmt"/>
      <line num="246" count="3" type="stmt"/>
      <line num="247" count="3" type="stmt"/>
      <line num="248" count="3" type="stmt"/>
      <line num="249" count="3" type="stmt"/>
      <line num="250" count="3" type="stmt"/>
      <line num="251" count="3" type="stmt"/>
      <line num="252" count="3" type="stmt"/>
      <line num="254" count="3" type="stmt"/>
      <line num="256" count="3" type="stmt"/>
      <line num="282" count="3" type="stmt"/>
      <line num="283" count="1" type="stmt"/>
      <line num="284" count="1" type="stmt"/>
      <line num="315" count="3" type="stmt"/>
      <line num="316" count="2" type="stmt"/>
      <line num="318" count="2" type="cond" truecount="2" falsecount="0"/>
      <line num="319" count="1" type="stmt"/>
      <line num="322" count="1" type="stmt"/>
      <line num="323" count="1" type="stmt"/>
      <line num="324" count="1" type="stmt"/>
      <line num="325" count="1" type="stmt"/>
      <line num="326" count="1" type="stmt"/>
      <line num="328" count="0" type="stmt"/>
      <line num="329" count="0" type="stmt"/>
      <line num="341" count="4" type="stmt"/>
      <line num="343" count="4" type="stmt"/>
      <line num="344" count="4" type="stmt"/>
      <line num="346" count="4" type="stmt"/>
      <line num="380" count="3" type="stmt"/>
      <line num="381" count="0" type="stmt"/>
      <line num="383" count="0" type="stmt"/>
      <line num="385" count="0" type="cond" truecount="0" falsecount="2"/>
      <line num="386" count="0" type="stmt"/>
      <line num="389" count="0" type="stmt"/>
      <line num="391" count="0" type="cond" truecount="0" falsecount="2"/>
      <line num="392" count="0" type="stmt"/>
      <line num="395" count="0" type="stmt"/>
      <line num="399" count="0" type="stmt"/>
      <line num="400" count="0" type="stmt"/>
      <line num="432" count="3" type="stmt"/>
      <line num="433" count="0" type="stmt"/>
      <line num="435" count="0" type="stmt"/>
      <line num="437" count="0" type="cond" truecount="0" falsecount="2"/>
      <line num="438" count="0" type="stmt"/>
      <line num="441" count="0" type="stmt"/>
      <line num="443" count="0" type="cond" truecount="0" falsecount="2"/>
      <line num="444" count="0" type="stmt"/>
      <line num="446" count="0" type="stmt"/>
      <line num="450" count="0" type="stmt"/>
      <line num="451" count="0" type="stmt"/>
      <line num="483" count="3" type="stmt"/>
      <line num="484" count="0" type="stmt"/>
      <line num="486" count="0" type="stmt"/>
      <line num="488" count="0" type="cond" truecount="0" falsecount="4"/>
      <line num="489" count="0" type="stmt"/>
      <line num="494" count="0" type="stmt"/>
      <line num="496" count="0" type="cond" truecount="0" falsecount="2"/>
      <line num="499" count="0" type="stmt"/>
      <line num="501" count="0" type="cond" truecount="0" falsecount="2"/>
      <line num="502" count="0" type="stmt"/>
      <line num="507" count="0" type="stmt"/>
      <line num="509" count="0" type="stmt"/>
      <line num="512" count="0" type="stmt"/>
      <line num="513" count="0" type="stmt"/>
      <line num="518" count="0" type="stmt"/>
      <line num="519" count="0" type="stmt"/>
      <line num="523" count="0" type="stmt"/>
      <line num="524" count="0" type="stmt"/>
      <line num="528" count="0" type="stmt"/>
      <line num="529" count="0" type="stmt"/>
      <line num="561" count="3" type="stmt"/>
      <line num="562" count="0" type="stmt"/>
      <line num="564" count="0" type="stmt"/>
      <line num="566" count="0" type="cond" truecount="0" falsecount="2"/>
      <line num="567" count="0" type="stmt"/>
      <line num="570" count="0" type="cond" truecount="0" falsecount="2"/>
      <line num="571" count="0" type="stmt"/>
      <line num="574" count="0" type="stmt"/>
      <line num="606" count="3" type="stmt"/>
      <line num="607" count="0" type="stmt"/>
      <line num="609" count="0" type="cond" truecount="0" falsecount="2"/>
      <line num="610" count="0" type="stmt"/>
      <line num="613" count="0" type="stmt"/>
      <line num="615" count="0" type="cond" truecount="0" falsecount="2"/>
      <line num="616" count="0" type="cond" truecount="0" falsecount="2"/>
      <line num="618" count="0" type="stmt"/>
      <line num="622" count="0" type="stmt"/>
      <line num="623" count="0" type="stmt"/>
      <line num="661" count="3" type="stmt"/>
      <line num="662" count="0" type="stmt"/>
      <line num="663" count="0" type="stmt"/>
      <line num="665" count="0" type="stmt"/>
      <line num="667" count="0" type="cond" truecount="0" falsecount="4"/>
      <line num="668" count="0" type="stmt"/>
      <line num="671" count="0" type="stmt"/>
      <line num="672" count="0" type="stmt"/>
      <line num="673" count="0" type="cond" truecount="0" falsecount="2"/>
      <line num="674" count="0" type="stmt"/>
      <line num="675" count="0" type="cond" truecount="0" falsecount="4"/>
      <line num="676" count="0" type="stmt"/>
      <line num="679" count="0" type="cond" truecount="0" falsecount="5"/>
      <line num="680" count="0" type="stmt"/>
      <line num="683" count="0" type="stmt"/>
      <line num="685" count="0" type="stmt"/>
      <line num="686" count="0" type="cond" truecount="0" falsecount="2"/>
      <line num="687" count="0" type="stmt"/>
      <line num="690" count="0" type="stmt"/>
      <line num="692" count="0" type="stmt"/>
      <line num="695" count="0" type="stmt"/>
      <line num="696" count="0" type="stmt"/>
      <line num="736" count="3" type="stmt"/>
      <line num="737" count="0" type="stmt"/>
      <line num="738" count="0" type="stmt"/>
      <line num="739" count="0" type="stmt"/>
      <line num="741" count="0" type="stmt"/>
      <line num="743" count="0" type="stmt"/>
      <line num="744" count="0" type="stmt"/>
      <line num="782" count="3" type="stmt"/>
      <line num="783" count="0" type="stmt"/>
      <line num="785" count="0" type="cond" truecount="0" falsecount="2"/>
      <line num="786" count="0" type="stmt"/>
      <line num="789" count="0" type="stmt"/>
      <line num="790" count="0" type="stmt"/>
      <line num="792" count="0" type="cond" truecount="0" falsecount="2"/>
      <line num="793" count="0" type="stmt"/>
      <line num="796" count="0" type="stmt"/>
      <line num="798" count="0" type="stmt"/>
      <line num="799" count="0" type="stmt"/>
      <line num="837" count="3" type="stmt"/>
      <line num="838" count="0" type="stmt"/>
      <line num="840" count="0" type="cond" truecount="0" falsecount="4"/>
      <line num="841" count="0" type="stmt"/>
      <line num="844" count="0" type="cond" truecount="0" falsecount="6"/>
      <line num="845" count="0" type="stmt"/>
      <line num="847" count="0" type="cond" truecount="0" falsecount="2"/>
      <line num="848" count="0" type="stmt"/>
      <line num="851" count="0" type="stmt"/>
      <line num="852" count="0" type="stmt"/>
      <line num="853" count="0" type="stmt"/>
      <line num="855" count="0" type="cond" truecount="0" falsecount="2"/>
      <line num="856" count="0" type="stmt"/>
      <line num="859" count="0" type="stmt"/>
      <line num="860" count="0" type="stmt"/>
      <line num="862" count="0" type="stmt"/>
      <line num="863" count="0" type="stmt"/>
      <line num="902" count="3" type="stmt"/>
      <line num="903" count="0" type="stmt"/>
      <line num="904" count="0" type="stmt"/>
      <line num="906" count="0" type="cond" truecount="0" falsecount="4"/>
      <line num="907" count="0" type="stmt"/>
      <line num="910" count="0" type="cond" truecount="0" falsecount="2"/>
      <line num="911" count="0" type="stmt"/>
      <line num="914" count="0" type="cond" truecount="0" falsecount="2"/>
      <line num="915" count="0" type="stmt"/>
      <line num="918" count="0" type="stmt"/>
      <line num="919" count="0" type="stmt"/>
      <line num="920" count="0" type="stmt"/>
      <line num="922" count="0" type="cond" truecount="0" falsecount="2"/>
      <line num="923" count="0" type="stmt"/>
      <line num="926" count="0" type="stmt"/>
      <line num="928" count="0" type="cond" truecount="0" falsecount="2"/>
      <line num="929" count="0" type="cond" truecount="0" falsecount="2"/>
      <line num="930" count="0" type="cond" truecount="0" falsecount="2"/>
      <line num="931" count="0" type="cond" truecount="0" falsecount="2"/>
      <line num="933" count="0" type="stmt"/>
      <line num="935" count="0" type="stmt"/>
      <line num="937" count="0" type="stmt"/>
      <line num="938" count="0" type="stmt"/>
      <line num="973" count="3" type="stmt"/>
      <line num="974" count="0" type="stmt"/>
      <line num="975" count="0" type="stmt"/>
      <line num="977" count="0" type="cond" truecount="0" falsecount="4"/>
      <line num="978" count="0" type="stmt"/>
      <line num="981" count="0" type="cond" truecount="0" falsecount="2"/>
      <line num="982" count="0" type="stmt"/>
      <line num="985" count="0" type="stmt"/>
      <line num="986" count="0" type="stmt"/>
      <line num="987" count="0" type="stmt"/>
      <line num="989" count="0" type="cond" truecount="0" falsecount="2"/>
      <line num="990" count="0" type="stmt"/>
      <line num="993" count="0" type="stmt"/>
      <line num="994" count="0" type="stmt"/>
      <line num="996" count="0" type="stmt"/>
      <line num="997" count="0" type="stmt"/>
      <line num="1038" count="3" type="stmt"/>
      <line num="1039" count="0" type="stmt"/>
      <line num="1040" count="0" type="stmt"/>
      <line num="1042" count="0" type="stmt"/>
      <line num="1043" count="0" type="stmt"/>
      <line num="1044" count="0" type="stmt"/>
      <line num="1046" count="0" type="stmt"/>
      <line num="1047" count="0" type="stmt"/>
      <line num="1050" count="0" type="cond" truecount="0" falsecount="2"/>
      <line num="1053" count="0" type="stmt"/>
      <line num="1055" count="0" type="stmt"/>
      <line num="1056" count="0" type="stmt"/>
      <line num="1098" count="3" type="stmt"/>
      <line num="1099" count="0" type="stmt"/>
      <line num="1101" count="0" type="stmt"/>
      <line num="1102" count="0" type="stmt"/>
      <line num="1104" count="0" type="cond" truecount="0" falsecount="2"/>
      <line num="1105" count="0" type="stmt"/>
      <line num="1106" count="0" type="stmt"/>
      <line num="1109" count="0" type="stmt"/>
      <line num="1110" count="0" type="stmt"/>
      <line num="1111" count="0" type="stmt"/>
      <line num="1113" count="0" type="stmt"/>
      <line num="1117" count="0" type="cond" truecount="0" falsecount="2"/>
      <line num="1118" count="0" type="stmt"/>
      <line num="1120" count="0" type="stmt"/>
      <line num="1121" count="0" type="stmt"/>
      <line num="1155" count="3" type="stmt"/>
      <line num="1156" count="0" type="stmt"/>
      <line num="1157" count="0" type="stmt"/>
      <line num="1159" count="0" type="cond" truecount="0" falsecount="2"/>
      <line num="1160" count="0" type="stmt"/>
      <line num="1163" count="0" type="cond" truecount="0" falsecount="2"/>
      <line num="1164" count="0" type="stmt"/>
      <line num="1167" count="0" type="stmt"/>
      <line num="1168" count="0" type="stmt"/>
      <line num="1169" count="0" type="stmt"/>
      <line num="1171" count="0" type="stmt"/>
      <line num="1172" count="0" type="stmt"/>
      <line num="1222" count="3" type="stmt"/>
      <line num="1223" count="0" type="stmt"/>
      <line num="1224" count="0" type="stmt"/>
      <line num="1226" count="0" type="cond" truecount="0" falsecount="12"/>
      <line num="1227" count="0" type="stmt"/>
      <line num="1230" count="0" type="cond" truecount="0" falsecount="2"/>
      <line num="1231" count="0" type="stmt"/>
      <line num="1234" count="0" type="cond" truecount="0" falsecount="2"/>
      <line num="1235" count="0" type="stmt"/>
      <line num="1238" count="0" type="cond" truecount="0" falsecount="2"/>
      <line num="1246" count="0" type="stmt"/>
      <line num="1249" count="0" type="cond" truecount="0" falsecount="2"/>
      <line num="1250" count="0" type="stmt"/>
      <line num="1253" count="0" type="stmt"/>
      <line num="1254" count="0" type="stmt"/>
      <line num="1255" count="0" type="cond" truecount="0" falsecount="2"/>
      <line num="1256" count="0" type="stmt"/>
      <line num="1259" count="0" type="stmt"/>
      <line num="1261" count="0" type="cond" truecount="0" falsecount="2"/>
      <line num="1262" count="0" type="stmt"/>
      <line num="1271" count="0" type="stmt"/>
      <line num="1273" count="0" type="stmt"/>
      <line num="1274" count="0" type="stmt"/>
      <line num="1315" count="3" type="stmt"/>
      <line num="1316" count="0" type="stmt"/>
      <line num="1317" count="0" type="stmt"/>
      <line num="1319" count="0" type="cond" truecount="0" falsecount="2"/>
      <line num="1320" count="0" type="stmt"/>
      <line num="1323" count="0" type="cond" truecount="0" falsecount="9"/>
      <line num="1324" count="0" type="stmt"/>
      <line num="1327" count="0" type="stmt"/>
      <line num="1328" count="0" type="stmt"/>
      <line num="1329" count="0" type="stmt"/>
      <line num="1331" count="0" type="cond" truecount="0" falsecount="2"/>
      <line num="1332" count="0" type="stmt"/>
      <line num="1335" count="0" type="stmt"/>
      <line num="1336" count="0" type="cond" truecount="0" falsecount="2"/>
      <line num="1337" count="0" type="cond" truecount="0" falsecount="2"/>
      <line num="1338" count="0" type="cond" truecount="0" falsecount="2"/>
      <line num="1339" count="0" type="cond" truecount="0" falsecount="2"/>
      <line num="1340" count="0" type="stmt"/>
      <line num="1342" count="0" type="stmt"/>
      <line num="1344" count="0" type="cond" truecount="0" falsecount="2"/>
      <line num="1345" count="0" type="cond" truecount="0" falsecount="2"/>
      <line num="1346" count="0" type="stmt"/>
      <line num="1348" count="0" type="stmt"/>
      <line num="1350" count="0" type="cond" truecount="0" falsecount="2"/>
      <line num="1351" count="0" type="cond" truecount="0" falsecount="2"/>
      <line num="1353" count="0" type="cond" truecount="0" falsecount="2"/>
      <line num="1354" count="0" type="stmt"/>
      <line num="1357" count="0" type="cond" truecount="0" falsecount="2"/>
      <line num="1358" count="0" type="cond" truecount="0" falsecount="2"/>
      <line num="1359" count="0" type="stmt"/>
      <line num="1361" count="0" type="cond" truecount="0" falsecount="2"/>
      <line num="1362" count="0" type="cond" truecount="0" falsecount="2"/>
      <line num="1363" count="0" type="cond" truecount="0" falsecount="2"/>
      <line num="1364" count="0" type="cond" truecount="0" falsecount="2"/>
      <line num="1365" count="0" type="cond" truecount="0" falsecount="2"/>
      <line num="1366" count="0" type="cond" truecount="0" falsecount="2"/>
      <line num="1368" count="0" type="cond" truecount="0" falsecount="2"/>
      <line num="1369" count="0" type="stmt"/>
      <line num="1372" count="0" type="stmt"/>
      <line num="1375" count="0" type="stmt"/>
      <line num="1377" count="0" type="stmt"/>
      <line num="1378" count="0" type="stmt"/>
      <line num="1416" count="3" type="stmt"/>
      <line num="1417" count="0" type="stmt"/>
      <line num="1418" count="0" type="stmt"/>
      <line num="1420" count="0" type="stmt"/>
      <line num="1421" count="0" type="stmt"/>
      <line num="1422" count="0" type="stmt"/>
      <line num="1423" count="0" type="cond" truecount="0" falsecount="2"/>
      <line num="1424" count="0" type="stmt"/>
      <line num="1427" count="0" type="stmt"/>
      <line num="1428" count="0" type="stmt"/>
      <line num="1431" count="0" type="stmt"/>
      <line num="1433" count="0" type="cond" truecount="0" falsecount="2"/>
      <line num="1434" count="0" type="stmt"/>
      <line num="1437" count="0" type="cond" truecount="0" falsecount="2"/>
      <line num="1438" count="0" type="stmt"/>
      <line num="1441" count="0" type="stmt"/>
      <line num="1442" count="0" type="stmt"/>
      <line num="1443" count="0" type="stmt"/>
      <line num="1444" count="0" type="cond" truecount="0" falsecount="2"/>
      <line num="1445" count="0" type="stmt"/>
      <line num="1448" count="0" type="stmt"/>
      <line num="1449" count="0" type="cond" truecount="0" falsecount="2"/>
      <line num="1450" count="0" type="stmt"/>
      <line num="1453" count="0" type="stmt"/>
      <line num="1454" count="0" type="stmt"/>
      <line num="1455" count="0" type="stmt"/>
      <line num="1456" count="0" type="stmt"/>
      <line num="1461" count="0" type="stmt"/>
      <line num="1466" count="0" type="stmt"/>
      <line num="1467" count="0" type="stmt"/>
      <line num="1505" count="3" type="stmt"/>
      <line num="1506" count="0" type="stmt"/>
      <line num="1507" count="0" type="stmt"/>
      <line num="1509" count="0" type="cond" truecount="0" falsecount="5"/>
      <line num="1510" count="0" type="stmt"/>
      <line num="1513" count="0" type="stmt"/>
      <line num="1514" count="0" type="stmt"/>
      <line num="1515" count="0" type="cond" truecount="0" falsecount="2"/>
      <line num="1516" count="0" type="cond" truecount="0" falsecount="4"/>
      <line num="1517" count="0" type="stmt"/>
      <line num="1520" count="0" type="stmt"/>
      <line num="1521" count="0" type="stmt"/>
      <line num="1524" count="0" type="cond" truecount="0" falsecount="2"/>
      <line num="1525" count="0" type="stmt"/>
      <line num="1528" count="0" type="stmt"/>
      <line num="1529" count="0" type="stmt"/>
      <line num="1530" count="0" type="cond" truecount="0" falsecount="2"/>
      <line num="1531" count="0" type="stmt"/>
      <line num="1534" count="0" type="cond" truecount="0" falsecount="2"/>
      <line num="1537" count="0" type="cond" truecount="0" falsecount="2"/>
      <line num="1538" count="0" type="stmt"/>
      <line num="1541" count="0" type="stmt"/>
      <line num="1542" count="0" type="stmt"/>
      <line num="1545" count="0" type="cond" truecount="0" falsecount="2"/>
      <line num="1546" count="0" type="cond" truecount="0" falsecount="2"/>
      <line num="1547" count="0" type="stmt"/>
      <line num="1550" count="0" type="stmt"/>
      <line num="1551" count="0" type="cond" truecount="0" falsecount="2"/>
      <line num="1552" count="0" type="stmt"/>
      <line num="1555" count="0" type="stmt"/>
      <line num="1556" count="0" type="cond" truecount="0" falsecount="2"/>
      <line num="1557" count="0" type="stmt"/>
      <line num="1560" count="0" type="stmt"/>
      <line num="1561" count="0" type="cond" truecount="0" falsecount="2"/>
      <line num="1562" count="0" type="stmt"/>
      <line num="1564" count="0" type="cond" truecount="0" falsecount="2"/>
      <line num="1565" count="0" type="stmt"/>
      <line num="1568" count="0" type="stmt"/>
      <line num="1570" count="0" type="cond" truecount="0" falsecount="2"/>
      <line num="1571" count="0" type="stmt"/>
      <line num="1576" count="0" type="cond" truecount="0" falsecount="2"/>
      <line num="1577" count="0" type="stmt"/>
      <line num="1580" count="0" type="stmt"/>
      <line num="1582" count="0" type="stmt"/>
      <line num="1584" count="0" type="stmt"/>
      <line num="1585" count="0" type="stmt"/>
      <line num="1624" count="3" type="stmt"/>
      <line num="1625" count="0" type="stmt"/>
      <line num="1627" count="0" type="cond" truecount="0" falsecount="2"/>
      <line num="1628" count="0" type="stmt"/>
      <line num="1631" count="0" type="stmt"/>
      <line num="1632" count="0" type="stmt"/>
      <line num="1633" count="0" type="cond" truecount="0" falsecount="2"/>
      <line num="1634" count="0" type="stmt"/>
      <line num="1637" count="0" type="cond" truecount="0" falsecount="2"/>
      <line num="1638" count="0" type="stmt"/>
      <line num="1639" count="0" type="stmt"/>
      <line num="1641" count="0" type="stmt"/>
      <line num="1642" count="0" type="stmt"/>
      <line num="1643" count="0" type="stmt"/>
      <line num="1646" count="0" type="cond" truecount="0" falsecount="4"/>
      <line num="1647" count="0" type="stmt"/>
      <line num="1648" count="0" type="cond" truecount="0" falsecount="2"/>
      <line num="1649" count="0" type="stmt"/>
      <line num="1655" count="0" type="cond" truecount="0" falsecount="2"/>
      <line num="1656" count="0" type="stmt"/>
      <line num="1660" count="0" type="stmt"/>
      <line num="1662" count="0" type="stmt"/>
      <line num="1663" count="0" type="stmt"/>
      <line num="1712" count="3" type="stmt"/>
      <line num="1713" count="0" type="stmt"/>
      <line num="1715" count="0" type="cond" truecount="0" falsecount="2"/>
      <line num="1716" count="0" type="stmt"/>
      <line num="1719" count="0" type="stmt"/>
      <line num="1720" count="0" type="stmt"/>
      <line num="1721" count="0" type="cond" truecount="0" falsecount="2"/>
      <line num="1722" count="0" type="stmt"/>
      <line num="1724" count="0" type="cond" truecount="0" falsecount="2"/>
      <line num="1726" count="0" type="stmt"/>
      <line num="1727" count="0" type="cond" truecount="0" falsecount="2"/>
      <line num="1728" count="0" type="stmt"/>
      <line num="1730" count="0" type="stmt"/>
      <line num="1732" count="0" type="cond" truecount="0" falsecount="2"/>
      <line num="1733" count="0" type="stmt"/>
      <line num="1736" count="0" type="stmt"/>
      <line num="1738" count="0" type="stmt"/>
      <line num="1739" count="0" type="stmt"/>
      <line num="1741" count="0" type="stmt"/>
      <line num="1742" count="0" type="stmt"/>
      <line num="1744" count="0" type="stmt"/>
      <line num="1746" count="0" type="stmt"/>
      <line num="1747" count="0" type="stmt"/>
      <line num="1748" count="0" type="cond" truecount="0" falsecount="2"/>
      <line num="1749" count="0" type="stmt"/>
      <line num="1750" count="0" type="stmt"/>
      <line num="1753" count="0" type="stmt"/>
      <line num="1754" count="0" type="stmt"/>
      <line num="1760" count="0" type="cond" truecount="0" falsecount="2"/>
      <line num="1761" count="0" type="stmt"/>
      <line num="1763" count="0" type="cond" truecount="0" falsecount="2"/>
      <line num="1764" count="0" type="stmt"/>
      <line num="1768" count="0" type="stmt"/>
      <line num="1771" count="0" type="stmt"/>
      <line num="1772" count="0" type="stmt"/>
      <line num="1774" count="0" type="stmt"/>
      <line num="1775" count="0" type="stmt"/>
      <line num="1780" count="0" type="stmt"/>
      <line num="1781" count="0" type="cond" truecount="0" falsecount="2"/>
      <line num="1782" count="0" type="stmt"/>
      <line num="1783" count="0" type="stmt"/>
      <line num="1786" count="0" type="stmt"/>
      <line num="1788" count="0" type="stmt"/>
      <line num="1789" count="0" type="stmt"/>
      <line num="1790" count="0" type="stmt"/>
      <line num="1791" count="0" type="stmt"/>
      <line num="1793" count="0" type="stmt"/>
      <line num="1795" count="0" type="stmt"/>
      <line num="1796" count="0" type="stmt"/>
      <line num="1797" count="0" type="cond" truecount="0" falsecount="2"/>
      <line num="1798" count="0" type="stmt"/>
      <line num="1801" count="0" type="stmt"/>
      <line num="1802" count="0" type="stmt"/>
      <line num="1804" count="0" type="cond" truecount="0" falsecount="2"/>
      <line num="1813" count="0" type="stmt"/>
      <line num="1824" count="0" type="stmt"/>
      <line num="1825" count="0" type="stmt"/>
      <line num="1826" count="0" type="cond" truecount="0" falsecount="2"/>
      <line num="1827" count="0" type="stmt"/>
      <line num="1828" count="0" type="cond" truecount="0" falsecount="2"/>
      <line num="1830" count="0" type="stmt"/>
      <line num="1835" count="0" type="cond" truecount="0" falsecount="2"/>
      <line num="1836" count="0" type="stmt"/>
      <line num="1840" count="0" type="stmt"/>
      <line num="1843" count="0" type="stmt"/>
      <line num="1845" count="0" type="stmt"/>
      <line num="1857" count="0" type="stmt"/>
      <line num="1861" count="0" type="stmt"/>
      <line num="1864" count="0" type="stmt"/>
      <line num="1865" count="0" type="stmt"/>
      <line num="1905" count="3" type="stmt"/>
      <line num="1906" count="0" type="stmt"/>
      <line num="1907" count="0" type="stmt"/>
      <line num="1908" count="0" type="stmt"/>
      <line num="1910" count="0" type="stmt"/>
      <line num="1912" count="0" type="stmt"/>
      <line num="1913" count="0" type="stmt"/>
      <line num="1914" count="0" type="stmt"/>
      <line num="1915" count="0" type="stmt"/>
      <line num="1917" count="0" type="stmt"/>
      <line num="1918" count="0" type="stmt"/>
      <line num="1919" count="0" type="stmt"/>
      <line num="1921" count="0" type="cond" truecount="0" falsecount="4"/>
      <line num="1922" count="0" type="stmt"/>
      <line num="1933" count="0" type="stmt"/>
      <line num="1936" count="0" type="stmt"/>
      <line num="1937" count="0" type="stmt"/>
      <line num="1974" count="3" type="stmt"/>
      <line num="1975" count="0" type="stmt"/>
      <line num="1976" count="0" type="stmt"/>
      <line num="1977" count="0" type="stmt"/>
      <line num="1979" count="0" type="stmt"/>
      <line num="1981" count="0" type="stmt"/>
      <line num="1982" count="0" type="stmt"/>
      <line num="1983" count="0" type="stmt"/>
      <line num="1984" count="0" type="stmt"/>
      <line num="1986" count="0" type="stmt"/>
      <line num="1987" count="0" type="stmt"/>
      <line num="1988" count="0" type="stmt"/>
      <line num="1990" count="0" type="cond" truecount="0" falsecount="4"/>
      <line num="1991" count="0" type="stmt"/>
      <line num="2002" count="0" type="stmt"/>
      <line num="2005" count="0" type="stmt"/>
      <line num="2006" count="0" type="stmt"/>
      <line num="2047" count="3" type="stmt"/>
      <line num="2048" count="0" type="stmt"/>
      <line num="2049" count="0" type="cond" truecount="0" falsecount="2"/>
      <line num="2050" count="0" type="stmt"/>
      <line num="2053" count="0" type="stmt"/>
      <line num="2054" count="0" type="stmt"/>
      <line num="2055" count="0" type="stmt"/>
      <line num="2057" count="0" type="stmt"/>
      <line num="2058" count="0" type="stmt"/>
      <line num="2059" count="0" type="stmt"/>
      <line num="2061" count="0" type="cond" truecount="0" falsecount="2"/>
      <line num="2062" count="0" type="cond" truecount="0" falsecount="2"/>
      <line num="2064" count="0" type="cond" truecount="0" falsecount="2"/>
      <line num="2065" count="0" type="cond" truecount="0" falsecount="2"/>
      <line num="2067" count="0" type="stmt"/>
      <line num="2079" count="0" type="stmt"/>
      <line num="2091" count="0" type="stmt"/>
      <line num="2094" count="0" type="stmt"/>
      <line num="2095" count="0" type="stmt"/>
      <line num="2129" count="3" type="stmt"/>
      <line num="2130" count="0" type="stmt"/>
      <line num="2132" count="0" type="cond" truecount="0" falsecount="2"/>
      <line num="2133" count="0" type="stmt"/>
      <line num="2136" count="0" type="stmt"/>
      <line num="2137" count="0" type="stmt"/>
      <line num="2138" count="0" type="stmt"/>
      <line num="2140" count="0" type="stmt"/>
      <line num="2141" count="0" type="stmt"/>
      <line num="2142" count="0" type="cond" truecount="0" falsecount="2"/>
      <line num="2144" count="0" type="cond" truecount="0" falsecount="2"/>
      <line num="2145" count="0" type="stmt"/>
      <line num="2149" count="0" type="stmt"/>
      <line num="2150" count="0" type="stmt"/>
      <line num="2153" count="0" type="stmt"/>
      <line num="2154" count="0" type="stmt"/>
      <line num="2194" count="3" type="stmt"/>
      <line num="2195" count="0" type="stmt"/>
      <line num="2197" count="0" type="cond" truecount="0" falsecount="6"/>
      <line num="2198" count="0" type="stmt"/>
      <line num="2201" count="0" type="cond" truecount="0" falsecount="2"/>
      <line num="2202" count="0" type="stmt"/>
      <line num="2205" count="0" type="stmt"/>
      <line num="2206" count="0" type="stmt"/>
      <line num="2207" count="0" type="cond" truecount="0" falsecount="2"/>
      <line num="2208" count="0" type="stmt"/>
      <line num="2212" count="0" type="cond" truecount="0" falsecount="2"/>
      <line num="2213" count="0" type="cond" truecount="0" falsecount="2"/>
      <line num="2214" count="0" type="stmt"/>
      <line num="2218" count="0" type="stmt"/>
      <line num="2219" count="0" type="cond" truecount="0" falsecount="2"/>
      <line num="2220" count="0" type="stmt"/>
      <line num="2224" count="0" type="stmt"/>
      <line num="2225" count="0" type="cond" truecount="0" falsecount="2"/>
      <line num="2226" count="0" type="stmt"/>
      <line num="2230" count="0" type="stmt"/>
      <line num="2231" count="0" type="cond" truecount="0" falsecount="2"/>
      <line num="2232" count="0" type="stmt"/>
      <line num="2234" count="0" type="cond" truecount="0" falsecount="2"/>
      <line num="2235" count="0" type="stmt"/>
      <line num="2239" count="0" type="cond" truecount="0" falsecount="2"/>
      <line num="2240" count="0" type="stmt"/>
      <line num="2244" count="0" type="stmt"/>
      <line num="2245" count="0" type="cond" truecount="0" falsecount="2"/>
      <line num="2246" count="0" type="stmt"/>
      <line num="2250" count="0" type="stmt"/>
      <line num="2251" count="0" type="stmt"/>
      <line num="2254" count="0" type="stmt"/>
      <line num="2255" count="0" type="stmt"/>
      <line num="2290" count="3" type="stmt"/>
      <line num="2291" count="0" type="stmt"/>
      <line num="2292" count="0" type="stmt"/>
      <line num="2294" count="0" type="cond" truecount="0" falsecount="4"/>
      <line num="2295" count="0" type="stmt"/>
      <line num="2298" count="0" type="stmt"/>
      <line num="2299" count="0" type="stmt"/>
      <line num="2300" count="0" type="cond" truecount="0" falsecount="2"/>
      <line num="2301" count="0" type="stmt"/>
      <line num="2304" count="0" type="stmt"/>
      <line num="2305" count="0" type="cond" truecount="0" falsecount="2"/>
      <line num="2306" count="0" type="stmt"/>
      <line num="2308" count="0" type="cond" truecount="0" falsecount="2"/>
      <line num="2309" count="0" type="stmt"/>
      <line num="2312" count="0" type="stmt"/>
      <line num="2313" count="0" type="stmt"/>
      <line num="2316" count="0" type="stmt"/>
      <line num="2317" count="0" type="stmt"/>
      <line num="2352" count="3" type="stmt"/>
      <line num="2353" count="0" type="stmt"/>
      <line num="2354" count="0" type="stmt"/>
      <line num="2356" count="0" type="cond" truecount="0" falsecount="4"/>
      <line num="2357" count="0" type="stmt"/>
      <line num="2360" count="0" type="stmt"/>
      <line num="2361" count="0" type="stmt"/>
      <line num="2363" count="0" type="cond" truecount="0" falsecount="2"/>
      <line num="2364" count="0" type="stmt"/>
      <line num="2367" count="0" type="stmt"/>
      <line num="2369" count="0" type="cond" truecount="0" falsecount="2"/>
      <line num="2370" count="0" type="stmt"/>
      <line num="2372" count="0" type="stmt"/>
      <line num="2374" count="0" type="cond" truecount="0" falsecount="2"/>
      <line num="2375" count="0" type="stmt"/>
      <line num="2378" count="0" type="stmt"/>
      <line num="2380" count="0" type="cond" truecount="0" falsecount="2"/>
      <line num="2381" count="0" type="stmt"/>
      <line num="2384" count="0" type="cond" truecount="0" falsecount="2"/>
      <line num="2385" count="0" type="stmt"/>
      <line num="2388" count="0" type="stmt"/>
      <line num="2390" count="0" type="cond" truecount="0" falsecount="2"/>
      <line num="2391" count="0" type="stmt"/>
      <line num="2394" count="0" type="cond" truecount="0" falsecount="2"/>
      <line num="2395" count="0" type="stmt"/>
      <line num="2398" count="0" type="stmt"/>
      <line num="2401" count="0" type="stmt"/>
      <line num="2403" count="0" type="stmt"/>
      <line num="2408" count="0" type="stmt"/>
      <line num="2413" count="0" type="stmt"/>
      <line num="2420" count="0" type="stmt"/>
      <line num="2421" count="0" type="cond" truecount="0" falsecount="2"/>
      <line num="2422" count="0" type="stmt"/>
      <line num="2425" count="0" type="stmt"/>
      <line num="2429" count="0" type="stmt"/>
      <line num="2430" count="0" type="stmt"/>
      <line num="2468" count="3" type="stmt"/>
      <line num="2469" count="0" type="stmt"/>
      <line num="2470" count="0" type="stmt"/>
      <line num="2471" count="0" type="stmt"/>
      <line num="2473" count="0" type="stmt"/>
      <line num="2474" count="0" type="stmt"/>
      <line num="2475" count="0" type="stmt"/>
      <line num="2482" count="0" type="stmt"/>
      <line num="2484" count="0" type="stmt"/>
      <line num="2485" count="0" type="stmt"/>
      <line num="2517" count="3" type="stmt"/>
      <line num="2518" count="0" type="stmt"/>
      <line num="2520" count="0" type="cond" truecount="0" falsecount="2"/>
      <line num="2521" count="0" type="stmt"/>
      <line num="2524" count="0" type="stmt"/>
      <line num="2525" count="0" type="stmt"/>
      <line num="2526" count="0" type="cond" truecount="0" falsecount="2"/>
      <line num="2527" count="0" type="stmt"/>
      <line num="2529" count="0" type="cond" truecount="0" falsecount="2"/>
      <line num="2530" count="0" type="stmt"/>
      <line num="2532" count="0" type="stmt"/>
      <line num="2533" count="0" type="stmt"/>
      <line num="2568" count="3" type="stmt"/>
      <line num="2569" count="0" type="stmt"/>
      <line num="2570" count="0" type="stmt"/>
      <line num="2572" count="0" type="cond" truecount="0" falsecount="4"/>
      <line num="2573" count="0" type="stmt"/>
      <line num="2576" count="0" type="stmt"/>
      <line num="2577" count="0" type="stmt"/>
      <line num="2578" count="0" type="cond" truecount="0" falsecount="2"/>
      <line num="2579" count="0" type="stmt"/>
      <line num="2582" count="0" type="stmt"/>
      <line num="2583" count="0" type="cond" truecount="0" falsecount="2"/>
      <line num="2584" count="0" type="stmt"/>
      <line num="2586" count="0" type="stmt"/>
      <line num="2588" count="0" type="cond" truecount="0" falsecount="2"/>
      <line num="2589" count="0" type="stmt"/>
      <line num="2592" count="0" type="cond" truecount="0" falsecount="2"/>
      <line num="2593" count="0" type="cond" truecount="0" falsecount="2"/>
      <line num="2594" count="0" type="stmt"/>
      <line num="2597" count="0" type="stmt"/>
      <line num="2602" count="0" type="stmt"/>
      <line num="2604" count="0" type="stmt"/>
      <line num="2605" count="0" type="stmt"/>
      <line num="2640" count="3" type="stmt"/>
      <line num="2641" count="0" type="stmt"/>
      <line num="2642" count="0" type="stmt"/>
      <line num="2643" count="0" type="stmt"/>
      <line num="2644" count="0" type="cond" truecount="0" falsecount="5"/>
      <line num="2645" count="0" type="stmt"/>
      <line num="2648" count="0" type="cond" truecount="0" falsecount="2"/>
      <line num="2649" count="0" type="stmt"/>
      <line num="2652" count="0" type="stmt"/>
      <line num="2653" count="0" type="stmt"/>
      <line num="2654" count="0" type="stmt"/>
      <line num="2657" count="0" type="cond" truecount="0" falsecount="2"/>
      <line num="2658" count="0" type="stmt"/>
      <line num="2661" count="0" type="stmt"/>
      <line num="2664" count="0" type="stmt"/>
      <line num="2665" count="0" type="stmt"/>
      <line num="2668" count="0" type="stmt"/>
      <line num="2669" count="0" type="stmt"/>
      <line num="2702" count="3" type="stmt"/>
      <line num="2703" count="0" type="stmt"/>
      <line num="2705" count="0" type="cond" truecount="0" falsecount="4"/>
      <line num="2706" count="0" type="stmt"/>
      <line num="2709" count="0" type="cond" truecount="0" falsecount="2"/>
      <line num="2710" count="0" type="stmt"/>
      <line num="2713" count="0" type="stmt"/>
      <line num="2714" count="0" type="stmt"/>
      <line num="2715" count="0" type="stmt"/>
      <line num="2716" count="0" type="stmt"/>
      <line num="2718" count="0" type="stmt"/>
      <line num="2719" count="0" type="stmt"/>
      <line num="2751" count="3" type="stmt"/>
      <line num="2752" count="0" type="stmt"/>
      <line num="2754" count="0" type="cond" truecount="0" falsecount="2"/>
      <line num="2755" count="0" type="stmt"/>
      <line num="2758" count="0" type="stmt"/>
      <line num="2759" count="0" type="stmt"/>
      <line num="2760" count="0" type="stmt"/>
      <line num="2763" count="0" type="stmt"/>
      <line num="2764" count="0" type="stmt"/>
      <line num="2776" count="0" type="stmt"/>
      <line num="2778" count="0" type="stmt"/>
      <line num="2779" count="0" type="stmt"/>
      <line num="2782" count="0" type="stmt"/>
      <line num="2783" count="0" type="stmt"/>
      <line num="2809" count="3" type="stmt"/>
      <line num="2810" count="1" type="stmt"/>
      <line num="2811" count="1" type="stmt"/>
      <line num="2814" count="3" type="stmt"/>
      <line num="2817" count="0" type="stmt"/>
      <line num="2818" count="0" type="stmt"/>
      <line num="2819" count="0" type="stmt"/>
      <line num="2820" count="0" type="stmt"/>
      <line num="2821" count="0" type="stmt"/>
      <line num="2825" count="3" type="cond" truecount="1" falsecount="1"/>
      <line num="2826" count="0" type="stmt"/>
      <line num="2829" count="3" type="stmt"/>
    </file>
  </project>
</coverage>
