{"/home/bandi/Documents/projects/vizsgaremek/backend/Squirkle-backend/index.cjs": {"path":"/home/bandi/Documents/projects/vizsgaremek/backend/Squirkle-backend/index.cjs","statementMap":{"0":{"start":{"line":1,"column":16},"end":{"line":1,"column":34}},"1":{"start":{"line":2,"column":13},"end":{"line":2,"column":28}},"2":{"start":{"line":3,"column":15},"end":{"line":3,"column":32}},"3":{"start":{"line":4,"column":19},"end":{"line":4,"column":null}},"4":{"start":{"line":5,"column":15},"end":{"line":5,"column":32}},"5":{"start":{"line":6,"column":15},"end":{"line":6,"column":32}},"6":{"start":{"line":7,"column":15},"end":{"line":7,"column":58}},"7":{"start":{"line":9,"column":6},"end":{"line":9,"column":null}},"8":{"start":{"line":12,"column":22},"end":{"line":12,"column":31}},"9":{"start":{"line":14,"column":10},"end":{"line":14,"column":null}},"10":{"start":{"line":14,"column":45},"end":{"line":14,"column":null}},"11":{"start":{"line":16,"column":10},"end":{"line":33,"column":null}},"12":{"start":{"line":17,"column":8},"end":{"line":18,"column":null}},"13":{"start":{"line":18,"column":12},"end":{"line":18,"column":null}},"14":{"start":{"line":21,"column":8},"end":{"line":22,"column":null}},"15":{"start":{"line":22,"column":12},"end":{"line":22,"column":null}},"16":{"start":{"line":22,"column":40},"end":{"line":22,"column":56}},"17":{"start":{"line":25,"column":8},"end":{"line":30,"column":null}},"18":{"start":{"line":26,"column":37},"end":{"line":26,"column":39}},"19":{"start":{"line":27,"column":12},"end":{"line":29,"column":null}},"20":{"start":{"line":28,"column":16},"end":{"line":28,"column":null}},"21":{"start":{"line":30,"column":12},"end":{"line":30,"column":null}},"22":{"start":{"line":33,"column":8},"end":{"line":33,"column":null}},"23":{"start":{"line":36,"column":10},"end":{"line":60,"column":null}},"24":{"start":{"line":37,"column":8},"end":{"line":38,"column":null}},"25":{"start":{"line":38,"column":12},"end":{"line":38,"column":null}},"26":{"start":{"line":41,"column":8},"end":{"line":42,"column":null}},"27":{"start":{"line":42,"column":12},"end":{"line":42,"column":null}},"28":{"start":{"line":45,"column":8},"end":{"line":52,"column":null}},"29":{"start":{"line":46,"column":28},"end":{"line":46,"column":74}},"30":{"start":{"line":47,"column":12},"end":{"line":51,"column":null}},"31":{"start":{"line":48,"column":16},"end":{"line":49,"column":null}},"32":{"start":{"line":48,"column":48},"end":{"line":48,"column":67}},"33":{"start":{"line":49,"column":20},"end":{"line":49,"column":null}},"34":{"start":{"line":52,"column":12},"end":{"line":52,"column":null}},"35":{"start":{"line":55,"column":8},"end":{"line":57,"column":null}},"36":{"start":{"line":56,"column":28},"end":{"line":56,"column":74}},"37":{"start":{"line":57,"column":12},"end":{"line":57,"column":null}},"38":{"start":{"line":57,"column":45},"end":{"line":57,"column":103}},"39":{"start":{"line":57,"column":84},"end":{"line":57,"column":103}},"40":{"start":{"line":60,"column":8},"end":{"line":60,"column":null}},"41":{"start":{"line":64,"column":20},"end":{"line":64,"column":48}},"42":{"start":{"line":66,"column":8},"end":{"line":98,"column":null}},"43":{"start":{"line":69,"column":47},"end":{"line":69,"column":115}},"44":{"start":{"line":71,"column":29},"end":{"line":71,"column":47}},"45":{"start":{"line":72,"column":16},"end":{"line":77,"column":null}},"46":{"start":{"line":75,"column":32},"end":{"line":75,"column":null}},"47":{"start":{"line":80,"column":39},"end":{"line":80,"column":54}},"48":{"start":{"line":81,"column":36},"end":{"line":81,"column":60}},"49":{"start":{"line":82,"column":33},"end":{"line":82,"column":null}},"50":{"start":{"line":83,"column":16},"end":{"line":83,"column":null}},"51":{"start":{"line":86,"column":36},"end":{"line":86,"column":60}},"52":{"start":{"line":87,"column":33},"end":{"line":87,"column":51}},"53":{"start":{"line":89,"column":16},"end":{"line":91,"column":null}},"54":{"start":{"line":90,"column":20},"end":{"line":90,"column":null}},"55":{"start":{"line":93,"column":16},"end":{"line":93,"column":null}},"56":{"start":{"line":96,"column":16},"end":{"line":96,"column":null}},"57":{"start":{"line":102,"column":14},"end":{"line":134,"column":null}},"58":{"start":{"line":103,"column":27},"end":{"line":103,"column":null}},"59":{"start":{"line":104,"column":25},"end":{"line":104,"column":27}},"60":{"start":{"line":106,"column":12},"end":{"line":132,"column":null}},"61":{"start":{"line":107,"column":16},"end":{"line":108,"column":null}},"62":{"start":{"line":108,"column":20},"end":{"line":108,"column":null}},"63":{"start":{"line":111,"column":30},"end":{"line":111,"column":54}},"64":{"start":{"line":112,"column":16},"end":{"line":113,"column":null}},"65":{"start":{"line":113,"column":20},"end":{"line":113,"column":null}},"66":{"start":{"line":116,"column":31},"end":{"line":121,"column":null}},"67":{"start":{"line":117,"column":20},"end":{"line":118,"column":null}},"68":{"start":{"line":118,"column":24},"end":{"line":118,"column":null}},"69":{"start":{"line":120,"column":20},"end":{"line":120,"column":null}},"70":{"start":{"line":123,"column":16},"end":{"line":124,"column":null}},"71":{"start":{"line":124,"column":20},"end":{"line":124,"column":null}},"72":{"start":{"line":127,"column":16},"end":{"line":131,"column":null}},"73":{"start":{"line":129,"column":32},"end":{"line":129,"column":null}},"74":{"start":{"line":134,"column":12},"end":{"line":134,"column":null}},"75":{"start":{"line":137,"column":14},"end":{"line":153,"column":null}},"76":{"start":{"line":137,"column":67},"end":{"line":153,"column":null}},"77":{"start":{"line":138,"column":41},"end":{"line":138,"column":101}},"78":{"start":{"line":139,"column":30},"end":{"line":139,"column":58}},"79":{"start":{"line":141,"column":29},"end":{"line":141,"column":47}},"80":{"start":{"line":142,"column":36},"end":{"line":142,"column":null}},"81":{"start":{"line":144,"column":16},"end":{"line":151,"column":null}},"82":{"start":{"line":149,"column":24},"end":{"line":149,"column":null}},"83":{"start":{"line":155,"column":8},"end":{"line":175,"column":null}},"84":{"start":{"line":156,"column":28},"end":{"line":156,"column":69}},"85":{"start":{"line":157,"column":41},"end":{"line":157,"column":77}},"86":{"start":{"line":159,"column":29},"end":{"line":159,"column":42}},"87":{"start":{"line":160,"column":16},"end":{"line":167,"column":null}},"88":{"start":{"line":165,"column":24},"end":{"line":165,"column":null}},"89":{"start":{"line":170,"column":30},"end":{"line":170,"column":null}},"90":{"start":{"line":171,"column":28},"end":{"line":171,"column":61}},"91":{"start":{"line":172,"column":16},"end":{"line":172,"column":null}},"92":{"start":{"line":173,"column":16},"end":{"line":173,"column":null}},"93":{"start":{"line":178,"column":24},"end":{"line":191,"column":null}},"94":{"start":{"line":179,"column":40},"end":{"line":179,"column":73}},"95":{"start":{"line":180,"column":38},"end":{"line":180,"column":88}},"96":{"start":{"line":180,"column":74},"end":{"line":180,"column":86}},"97":{"start":{"line":182,"column":23},"end":{"line":187,"column":null}},"98":{"start":{"line":183,"column":39},"end":{"line":183,"column":55}},"99":{"start":{"line":184,"column":42},"end":{"line":184,"column":61}},"100":{"start":{"line":185,"column":36},"end":{"line":185,"column":51}},"101":{"start":{"line":186,"column":33},"end":{"line":186,"column":null}},"102":{"start":{"line":189,"column":12},"end":{"line":189,"column":null}},"103":{"start":{"line":193,"column":10},"end":{"line":193,"column":null}},"104":{"start":{"line":193,"column":28},"end":{"line":193,"column":null}},"105":{"start":{"line":194,"column":4},"end":{"line":198,"column":null}},"106":{"start":{"line":195,"column":31},"end":{"line":195,"column":null}},"107":{"start":{"line":196,"column":36},"end":{"line":196,"column":null}},"108":{"start":{"line":197,"column":37},"end":{"line":197,"column":null}},"109":{"start":{"line":200,"column":4},"end":{"line":210,"column":null}},"110":{"start":{"line":201,"column":30},"end":{"line":201,"column":59}},"111":{"start":{"line":203,"column":25},"end":{"line":203,"column":54}},"112":{"start":{"line":207,"column":25},"end":{"line":207,"column":42}},"113":{"start":{"line":208,"column":47},"end":{"line":208,"column":null}},"114":{"start":{"line":213,"column":14},"end":{"line":213,"column":83}},"115":{"start":{"line":215,"column":0},"end":{"line":215,"column":null}},"116":{"start":{"line":217,"column":12},"end":{"line":217,"column":21}},"117":{"start":{"line":219,"column":0},"end":{"line":219,"column":null}},"118":{"start":{"line":220,"column":0},"end":{"line":220,"column":null}},"119":{"start":{"line":221,"column":0},"end":{"line":221,"column":null}},"120":{"start":{"line":223,"column":0},"end":{"line":227,"column":null}},"121":{"start":{"line":229,"column":0},"end":{"line":233,"column":null}},"122":{"start":{"line":235,"column":23},"end":{"line":236,"column":null}},"123":{"start":{"line":239,"column":20},"end":{"line":242,"column":2}},"124":{"start":{"line":244,"column":11},"end":{"line":244,"column":28}},"125":{"start":{"line":245,"column":14},"end":{"line":245,"column":36}},"126":{"start":{"line":246,"column":18},"end":{"line":246,"column":45}},"127":{"start":{"line":247,"column":15},"end":{"line":247,"column":38}},"128":{"start":{"line":248,"column":14},"end":{"line":248,"column":36}},"129":{"start":{"line":249,"column":17},"end":{"line":249,"column":42}},"130":{"start":{"line":250,"column":18},"end":{"line":250,"column":44}},"131":{"start":{"line":251,"column":17},"end":{"line":251,"column":42}},"132":{"start":{"line":252,"column":14},"end":{"line":252,"column":36}},"133":{"start":{"line":254,"column":27},"end":{"line":254,"column":46}},"134":{"start":{"line":256,"column":21},"end":{"line":256,"column":23}},"135":{"start":{"line":282,"column":0},"end":{"line":285,"column":null}},"136":{"start":{"line":283,"column":23},"end":{"line":283,"column":89}},"137":{"start":{"line":284,"column":4},"end":{"line":284,"column":null}},"138":{"start":{"line":315,"column":0},"end":{"line":331,"column":null}},"139":{"start":{"line":316,"column":23},"end":{"line":316,"column":null}},"140":{"start":{"line":318,"column":4},"end":{"line":319,"column":null}},"141":{"start":{"line":319,"column":8},"end":{"line":319,"column":null}},"142":{"start":{"line":322,"column":22},"end":{"line":322,"column":47}},"143":{"start":{"line":323,"column":4},"end":{"line":329,"column":null}},"144":{"start":{"line":324,"column":8},"end":{"line":324,"column":null}},"145":{"start":{"line":325,"column":8},"end":{"line":325,"column":null}},"146":{"start":{"line":326,"column":8},"end":{"line":326,"column":null}},"147":{"start":{"line":328,"column":8},"end":{"line":328,"column":null}},"148":{"start":{"line":329,"column":8},"end":{"line":329,"column":null}},"149":{"start":{"line":341,"column":22},"end":{"line":341,"column":32}},"150":{"start":{"line":343,"column":23},"end":{"line":343,"column":61}},"151":{"start":{"line":344,"column":23},"end":{"line":344,"column":null}},"152":{"start":{"line":346,"column":4},"end":{"line":346,"column":null}},"153":{"start":{"line":380,"column":0},"end":{"line":402,"column":null}},"154":{"start":{"line":381,"column":21},"end":{"line":381,"column":null}},"155":{"start":{"line":383,"column":4},"end":{"line":383,"column":null}},"156":{"start":{"line":385,"column":4},"end":{"line":386,"column":null}},"157":{"start":{"line":386,"column":8},"end":{"line":386,"column":null}},"158":{"start":{"line":389,"column":4},"end":{"line":401,"column":null}},"159":{"start":{"line":391,"column":12},"end":{"line":395,"column":null}},"160":{"start":{"line":392,"column":16},"end":{"line":392,"column":null}},"161":{"start":{"line":395,"column":16},"end":{"line":395,"column":null}},"162":{"start":{"line":399,"column":12},"end":{"line":399,"column":null}},"163":{"start":{"line":400,"column":12},"end":{"line":400,"column":null}},"164":{"start":{"line":432,"column":0},"end":{"line":453,"column":null}},"165":{"start":{"line":433,"column":19},"end":{"line":433,"column":null}},"166":{"start":{"line":435,"column":4},"end":{"line":435,"column":null}},"167":{"start":{"line":437,"column":4},"end":{"line":438,"column":null}},"168":{"start":{"line":438,"column":8},"end":{"line":438,"column":null}},"169":{"start":{"line":441,"column":4},"end":{"line":452,"column":null}},"170":{"start":{"line":443,"column":12},"end":{"line":446,"column":null}},"171":{"start":{"line":444,"column":16},"end":{"line":444,"column":null}},"172":{"start":{"line":446,"column":16},"end":{"line":446,"column":null}},"173":{"start":{"line":450,"column":12},"end":{"line":450,"column":null}},"174":{"start":{"line":451,"column":12},"end":{"line":451,"column":null}},"175":{"start":{"line":483,"column":0},"end":{"line":532,"column":null}},"176":{"start":{"line":484,"column":33},"end":{"line":484,"column":null}},"177":{"start":{"line":486,"column":4},"end":{"line":486,"column":null}},"178":{"start":{"line":488,"column":4},"end":{"line":489,"column":null}},"179":{"start":{"line":489,"column":8},"end":{"line":489,"column":null}},"180":{"start":{"line":494,"column":4},"end":{"line":531,"column":null}},"181":{"start":{"line":496,"column":12},"end":{"line":529,"column":null}},"182":{"start":{"line":499,"column":16},"end":{"line":525,"column":null}},"183":{"start":{"line":501,"column":24},"end":{"line":519,"column":null}},"184":{"start":{"line":502,"column":28},"end":{"line":514,"column":null}},"185":{"start":{"line":507,"column":36},"end":{"line":507,"column":null}},"186":{"start":{"line":509,"column":36},"end":{"line":509,"column":null}},"187":{"start":{"line":512,"column":36},"end":{"line":512,"column":null}},"188":{"start":{"line":513,"column":36},"end":{"line":513,"column":null}},"189":{"start":{"line":518,"column":28},"end":{"line":518,"column":null}},"190":{"start":{"line":519,"column":28},"end":{"line":519,"column":null}},"191":{"start":{"line":523,"column":24},"end":{"line":523,"column":null}},"192":{"start":{"line":524,"column":24},"end":{"line":524,"column":null}},"193":{"start":{"line":528,"column":16},"end":{"line":528,"column":null}},"194":{"start":{"line":529,"column":16},"end":{"line":529,"column":null}},"195":{"start":{"line":561,"column":0},"end":{"line":576,"column":null}},"196":{"start":{"line":562,"column":19},"end":{"line":562,"column":null}},"197":{"start":{"line":564,"column":4},"end":{"line":564,"column":null}},"198":{"start":{"line":566,"column":4},"end":{"line":567,"column":null}},"199":{"start":{"line":567,"column":8},"end":{"line":567,"column":null}},"200":{"start":{"line":570,"column":4},"end":{"line":574,"column":null}},"201":{"start":{"line":571,"column":8},"end":{"line":571,"column":null}},"202":{"start":{"line":574,"column":8},"end":{"line":574,"column":null}},"203":{"start":{"line":606,"column":0},"end":{"line":625,"column":null}},"204":{"start":{"line":607,"column":19},"end":{"line":607,"column":null}},"205":{"start":{"line":609,"column":4},"end":{"line":610,"column":null}},"206":{"start":{"line":610,"column":8},"end":{"line":610,"column":null}},"207":{"start":{"line":613,"column":4},"end":{"line":624,"column":null}},"208":{"start":{"line":615,"column":12},"end":{"line":618,"column":null}},"209":{"start":{"line":616,"column":16},"end":{"line":616,"column":null}},"210":{"start":{"line":618,"column":16},"end":{"line":618,"column":null}},"211":{"start":{"line":622,"column":12},"end":{"line":622,"column":null}},"212":{"start":{"line":623,"column":12},"end":{"line":623,"column":null}},"213":{"start":{"line":661,"column":0},"end":{"line":698,"column":null}},"214":{"start":{"line":662,"column":22},"end":{"line":662,"column":null}},"215":{"start":{"line":663,"column":31},"end":{"line":663,"column":null}},"216":{"start":{"line":665,"column":4},"end":{"line":665,"column":null}},"217":{"start":{"line":667,"column":4},"end":{"line":668,"column":null}},"218":{"start":{"line":668,"column":8},"end":{"line":668,"column":null}},"219":{"start":{"line":671,"column":4},"end":{"line":696,"column":null}},"220":{"start":{"line":672,"column":27},"end":{"line":672,"column":59}},"221":{"start":{"line":673,"column":31},"end":{"line":673,"column":null}},"222":{"start":{"line":674,"column":8},"end":{"line":674,"column":null}},"223":{"start":{"line":675,"column":8},"end":{"line":676,"column":null}},"224":{"start":{"line":676,"column":12},"end":{"line":676,"column":null}},"225":{"start":{"line":679,"column":8},"end":{"line":680,"column":null}},"226":{"start":{"line":680,"column":12},"end":{"line":680,"column":null}},"227":{"start":{"line":683,"column":24},"end":{"line":683,"column":41}},"228":{"start":{"line":685,"column":20},"end":{"line":685,"column":39}},"229":{"start":{"line":686,"column":8},"end":{"line":692,"column":null}},"230":{"start":{"line":687,"column":12},"end":{"line":689,"column":null}},"231":{"start":{"line":690,"column":12},"end":{"line":690,"column":null}},"232":{"start":{"line":692,"column":12},"end":{"line":692,"column":null}},"233":{"start":{"line":695,"column":8},"end":{"line":695,"column":null}},"234":{"start":{"line":696,"column":8},"end":{"line":696,"column":null}},"235":{"start":{"line":736,"column":0},"end":{"line":746,"column":null}},"236":{"start":{"line":737,"column":4},"end":{"line":744,"column":null}},"237":{"start":{"line":738,"column":25},"end":{"line":738,"column":46}},"238":{"start":{"line":739,"column":31},"end":{"line":739,"column":90}},"239":{"start":{"line":739,"column":59},"end":{"line":739,"column":90}},"240":{"start":{"line":741,"column":8},"end":{"line":741,"column":null}},"241":{"start":{"line":743,"column":8},"end":{"line":743,"column":null}},"242":{"start":{"line":744,"column":8},"end":{"line":744,"column":null}},"243":{"start":{"line":782,"column":0},"end":{"line":801,"column":null}},"244":{"start":{"line":783,"column":23},"end":{"line":783,"column":null}},"245":{"start":{"line":785,"column":4},"end":{"line":786,"column":null}},"246":{"start":{"line":786,"column":8},"end":{"line":786,"column":null}},"247":{"start":{"line":789,"column":4},"end":{"line":799,"column":null}},"248":{"start":{"line":790,"column":28},"end":{"line":790,"column":65}},"249":{"start":{"line":792,"column":8},"end":{"line":793,"column":null}},"250":{"start":{"line":793,"column":12},"end":{"line":793,"column":null}},"251":{"start":{"line":796,"column":8},"end":{"line":796,"column":null}},"252":{"start":{"line":798,"column":8},"end":{"line":798,"column":null}},"253":{"start":{"line":799,"column":8},"end":{"line":799,"column":null}},"254":{"start":{"line":837,"column":0},"end":{"line":865,"column":null}},"255":{"start":{"line":838,"column":75},"end":{"line":838,"column":null}},"256":{"start":{"line":840,"column":4},"end":{"line":841,"column":null}},"257":{"start":{"line":841,"column":8},"end":{"line":841,"column":null}},"258":{"start":{"line":844,"column":4},"end":{"line":845,"column":null}},"259":{"start":{"line":845,"column":8},"end":{"line":845,"column":null}},"260":{"start":{"line":847,"column":4},"end":{"line":848,"column":null}},"261":{"start":{"line":848,"column":8},"end":{"line":848,"column":null}},"262":{"start":{"line":851,"column":4},"end":{"line":863,"column":null}},"263":{"start":{"line":852,"column":28},"end":{"line":852,"column":45}},"264":{"start":{"line":853,"column":33},"end":{"line":853,"column":56}},"265":{"start":{"line":855,"column":8},"end":{"line":856,"column":null}},"266":{"start":{"line":856,"column":12},"end":{"line":856,"column":null}},"267":{"start":{"line":859,"column":8},"end":{"line":859,"column":null}},"268":{"start":{"line":860,"column":8},"end":{"line":860,"column":null}},"269":{"start":{"line":862,"column":8},"end":{"line":862,"column":null}},"270":{"start":{"line":863,"column":8},"end":{"line":863,"column":null}},"271":{"start":{"line":902,"column":0},"end":{"line":940,"column":null}},"272":{"start":{"line":903,"column":23},"end":{"line":903,"column":null}},"273":{"start":{"line":904,"column":71},"end":{"line":904,"column":null}},"274":{"start":{"line":906,"column":4},"end":{"line":907,"column":null}},"275":{"start":{"line":907,"column":8},"end":{"line":907,"column":null}},"276":{"start":{"line":910,"column":4},"end":{"line":911,"column":null}},"277":{"start":{"line":911,"column":8},"end":{"line":911,"column":null}},"278":{"start":{"line":914,"column":4},"end":{"line":915,"column":null}},"279":{"start":{"line":915,"column":8},"end":{"line":915,"column":null}},"280":{"start":{"line":918,"column":4},"end":{"line":938,"column":null}},"281":{"start":{"line":919,"column":28},"end":{"line":919,"column":53}},"282":{"start":{"line":920,"column":28},"end":{"line":920,"column":51}},"283":{"start":{"line":922,"column":8},"end":{"line":923,"column":null}},"284":{"start":{"line":923,"column":12},"end":{"line":923,"column":null}},"285":{"start":{"line":926,"column":32},"end":{"line":926,"column":34}},"286":{"start":{"line":928,"column":8},"end":{"line":928,"column":null}},"287":{"start":{"line":928,"column":33},"end":{"line":928,"column":null}},"288":{"start":{"line":929,"column":8},"end":{"line":929,"column":null}},"289":{"start":{"line":929,"column":39},"end":{"line":929,"column":null}},"290":{"start":{"line":930,"column":8},"end":{"line":930,"column":null}},"291":{"start":{"line":930,"column":43},"end":{"line":930,"column":null}},"292":{"start":{"line":931,"column":8},"end":{"line":931,"column":null}},"293":{"start":{"line":931,"column":37},"end":{"line":931,"column":null}},"294":{"start":{"line":933,"column":8},"end":{"line":933,"column":null}},"295":{"start":{"line":935,"column":8},"end":{"line":935,"column":null}},"296":{"start":{"line":937,"column":8},"end":{"line":937,"column":null}},"297":{"start":{"line":938,"column":8},"end":{"line":938,"column":null}},"298":{"start":{"line":973,"column":0},"end":{"line":999,"column":null}},"299":{"start":{"line":974,"column":23},"end":{"line":974,"column":null}},"300":{"start":{"line":975,"column":23},"end":{"line":975,"column":null}},"301":{"start":{"line":977,"column":4},"end":{"line":978,"column":null}},"302":{"start":{"line":978,"column":8},"end":{"line":978,"column":null}},"303":{"start":{"line":981,"column":4},"end":{"line":982,"column":null}},"304":{"start":{"line":982,"column":8},"end":{"line":982,"column":null}},"305":{"start":{"line":985,"column":4},"end":{"line":997,"column":null}},"306":{"start":{"line":986,"column":28},"end":{"line":986,"column":53}},"307":{"start":{"line":987,"column":28},"end":{"line":987,"column":51}},"308":{"start":{"line":989,"column":8},"end":{"line":990,"column":null}},"309":{"start":{"line":990,"column":12},"end":{"line":990,"column":null}},"310":{"start":{"line":993,"column":8},"end":{"line":993,"column":null}},"311":{"start":{"line":994,"column":8},"end":{"line":994,"column":null}},"312":{"start":{"line":996,"column":8},"end":{"line":996,"column":null}},"313":{"start":{"line":997,"column":8},"end":{"line":997,"column":null}},"314":{"start":{"line":1038,"column":0},"end":{"line":1058,"column":null}},"315":{"start":{"line":1039,"column":4},"end":{"line":1056,"column":null}},"316":{"start":{"line":1040,"column":25},"end":{"line":1040,"column":42}},"317":{"start":{"line":1042,"column":27},"end":{"line":1051,"column":11}},"318":{"start":{"line":1043,"column":34},"end":{"line":1043,"column":73}},"319":{"start":{"line":1044,"column":31},"end":{"line":1044,"column":33}},"320":{"start":{"line":1046,"column":12},"end":{"line":1048,"column":null}},"321":{"start":{"line":1047,"column":16},"end":{"line":1047,"column":null}},"322":{"start":{"line":1050,"column":12},"end":{"line":1050,"column":null}},"323":{"start":{"line":1053,"column":8},"end":{"line":1053,"column":null}},"324":{"start":{"line":1055,"column":8},"end":{"line":1055,"column":null}},"325":{"start":{"line":1056,"column":8},"end":{"line":1056,"column":null}},"326":{"start":{"line":1098,"column":0},"end":{"line":1123,"column":null}},"327":{"start":{"line":1099,"column":19},"end":{"line":1099,"column":null}},"328":{"start":{"line":1101,"column":4},"end":{"line":1121,"column":null}},"329":{"start":{"line":1102,"column":25},"end":{"line":1102,"column":54}},"330":{"start":{"line":1104,"column":8},"end":{"line":1106,"column":null}},"331":{"start":{"line":1105,"column":12},"end":{"line":1105,"column":null}},"332":{"start":{"line":1106,"column":12},"end":{"line":1106,"column":null}},"333":{"start":{"line":1109,"column":30},"end":{"line":1109,"column":74}},"334":{"start":{"line":1110,"column":27},"end":{"line":1110,"column":29}},"335":{"start":{"line":1111,"column":8},"end":{"line":1114,"column":null}},"336":{"start":{"line":1113,"column":12},"end":{"line":1113,"column":null}},"337":{"start":{"line":1117,"column":25},"end":{"line":1117,"column":null}},"338":{"start":{"line":1118,"column":8},"end":{"line":1118,"column":null}},"339":{"start":{"line":1120,"column":8},"end":{"line":1120,"column":null}},"340":{"start":{"line":1121,"column":8},"end":{"line":1121,"column":null}},"341":{"start":{"line":1155,"column":0},"end":{"line":1174,"column":null}},"342":{"start":{"line":1156,"column":19},"end":{"line":1156,"column":null}},"343":{"start":{"line":1157,"column":19},"end":{"line":1157,"column":null}},"344":{"start":{"line":1159,"column":4},"end":{"line":1160,"column":null}},"345":{"start":{"line":1160,"column":8},"end":{"line":1160,"column":null}},"346":{"start":{"line":1163,"column":4},"end":{"line":1164,"column":null}},"347":{"start":{"line":1164,"column":8},"end":{"line":1164,"column":null}},"348":{"start":{"line":1167,"column":4},"end":{"line":1172,"column":null}},"349":{"start":{"line":1168,"column":8},"end":{"line":1168,"column":null}},"350":{"start":{"line":1169,"column":8},"end":{"line":1169,"column":null}},"351":{"start":{"line":1171,"column":8},"end":{"line":1171,"column":null}},"352":{"start":{"line":1172,"column":8},"end":{"line":1172,"column":null}},"353":{"start":{"line":1222,"column":0},"end":{"line":1276,"column":null}},"354":{"start":{"line":1223,"column":4},"end":{"line":1274,"column":null}},"355":{"start":{"line":1224,"column":95},"end":{"line":1224,"column":null}},"356":{"start":{"line":1226,"column":8},"end":{"line":1227,"column":null}},"357":{"start":{"line":1227,"column":12},"end":{"line":1227,"column":null}},"358":{"start":{"line":1230,"column":8},"end":{"line":1231,"column":null}},"359":{"start":{"line":1231,"column":12},"end":{"line":1231,"column":null}},"360":{"start":{"line":1234,"column":8},"end":{"line":1235,"column":null}},"361":{"start":{"line":1235,"column":12},"end":{"line":1235,"column":null}},"362":{"start":{"line":1238,"column":8},"end":{"line":1246,"column":null}},"363":{"start":{"line":1246,"column":12},"end":{"line":1246,"column":null}},"364":{"start":{"line":1249,"column":8},"end":{"line":1250,"column":null}},"365":{"start":{"line":1250,"column":12},"end":{"line":1250,"column":null}},"366":{"start":{"line":1253,"column":24},"end":{"line":1253,"column":37}},"367":{"start":{"line":1254,"column":29},"end":{"line":1254,"column":48}},"368":{"start":{"line":1255,"column":8},"end":{"line":1256,"column":null}},"369":{"start":{"line":1256,"column":12},"end":{"line":1256,"column":null}},"370":{"start":{"line":1259,"column":8},"end":{"line":1259,"column":null}},"371":{"start":{"line":1261,"column":25},"end":{"line":1261,"column":77}},"372":{"start":{"line":1262,"column":8},"end":{"line":1269,"column":null}},"373":{"start":{"line":1271,"column":8},"end":{"line":1271,"column":null}},"374":{"start":{"line":1273,"column":8},"end":{"line":1273,"column":null}},"375":{"start":{"line":1274,"column":8},"end":{"line":1274,"column":null}},"376":{"start":{"line":1315,"column":0},"end":{"line":1380,"column":null}},"377":{"start":{"line":1316,"column":19},"end":{"line":1316,"column":null}},"378":{"start":{"line":1317,"column":87},"end":{"line":1317,"column":null}},"379":{"start":{"line":1319,"column":4},"end":{"line":1320,"column":null}},"380":{"start":{"line":1320,"column":8},"end":{"line":1320,"column":null}},"381":{"start":{"line":1323,"column":4},"end":{"line":1324,"column":null}},"382":{"start":{"line":1324,"column":8},"end":{"line":1324,"column":null}},"383":{"start":{"line":1327,"column":4},"end":{"line":1378,"column":null}},"384":{"start":{"line":1328,"column":24},"end":{"line":1328,"column":41}},"385":{"start":{"line":1329,"column":24},"end":{"line":1329,"column":43}},"386":{"start":{"line":1331,"column":8},"end":{"line":1332,"column":null}},"387":{"start":{"line":1332,"column":12},"end":{"line":1332,"column":null}},"388":{"start":{"line":1335,"column":28},"end":{"line":1335,"column":30}},"389":{"start":{"line":1336,"column":8},"end":{"line":1336,"column":null}},"390":{"start":{"line":1336,"column":32},"end":{"line":1336,"column":null}},"391":{"start":{"line":1337,"column":8},"end":{"line":1337,"column":null}},"392":{"start":{"line":1337,"column":39},"end":{"line":1337,"column":null}},"393":{"start":{"line":1338,"column":8},"end":{"line":1342,"column":null}},"394":{"start":{"line":1339,"column":12},"end":{"line":1340,"column":null}},"395":{"start":{"line":1340,"column":16},"end":{"line":1340,"column":null}},"396":{"start":{"line":1342,"column":12},"end":{"line":1342,"column":null}},"397":{"start":{"line":1344,"column":8},"end":{"line":1348,"column":null}},"398":{"start":{"line":1345,"column":12},"end":{"line":1346,"column":null}},"399":{"start":{"line":1346,"column":16},"end":{"line":1346,"column":null}},"400":{"start":{"line":1348,"column":12},"end":{"line":1348,"column":null}},"401":{"start":{"line":1350,"column":8},"end":{"line":1350,"column":null}},"402":{"start":{"line":1350,"column":37},"end":{"line":1350,"column":null}},"403":{"start":{"line":1351,"column":8},"end":{"line":1351,"column":null}},"404":{"start":{"line":1351,"column":36},"end":{"line":1351,"column":null}},"405":{"start":{"line":1353,"column":8},"end":{"line":1354,"column":null}},"406":{"start":{"line":1354,"column":12},"end":{"line":1354,"column":null}},"407":{"start":{"line":1357,"column":8},"end":{"line":1372,"column":null}},"408":{"start":{"line":1358,"column":29},"end":{"line":1358,"column":81}},"409":{"start":{"line":1359,"column":33},"end":{"line":1359,"column":35}},"410":{"start":{"line":1361,"column":12},"end":{"line":1361,"column":null}},"411":{"start":{"line":1361,"column":50},"end":{"line":1361,"column":null}},"412":{"start":{"line":1362,"column":12},"end":{"line":1362,"column":null}},"413":{"start":{"line":1362,"column":50},"end":{"line":1362,"column":null}},"414":{"start":{"line":1363,"column":12},"end":{"line":1363,"column":null}},"415":{"start":{"line":1363,"column":52},"end":{"line":1363,"column":null}},"416":{"start":{"line":1364,"column":12},"end":{"line":1364,"column":null}},"417":{"start":{"line":1364,"column":48},"end":{"line":1364,"column":null}},"418":{"start":{"line":1365,"column":12},"end":{"line":1365,"column":null}},"419":{"start":{"line":1365,"column":48},"end":{"line":1365,"column":null}},"420":{"start":{"line":1366,"column":12},"end":{"line":1366,"column":null}},"421":{"start":{"line":1366,"column":46},"end":{"line":1366,"column":null}},"422":{"start":{"line":1368,"column":12},"end":{"line":1369,"column":null}},"423":{"start":{"line":1369,"column":16},"end":{"line":1369,"column":null}},"424":{"start":{"line":1372,"column":12},"end":{"line":1372,"column":null}},"425":{"start":{"line":1375,"column":8},"end":{"line":1375,"column":null}},"426":{"start":{"line":1377,"column":8},"end":{"line":1377,"column":null}},"427":{"start":{"line":1378,"column":8},"end":{"line":1378,"column":null}},"428":{"start":{"line":1416,"column":0},"end":{"line":1469,"column":null}},"429":{"start":{"line":1417,"column":22},"end":{"line":1417,"column":null}},"430":{"start":{"line":1418,"column":23},"end":{"line":1418,"column":null}},"431":{"start":{"line":1420,"column":17},"end":{"line":1420,"column":null}},"432":{"start":{"line":1421,"column":4},"end":{"line":1428,"column":null}},"433":{"start":{"line":1422,"column":33},"end":{"line":1422,"column":98}},"434":{"start":{"line":1423,"column":8},"end":{"line":1424,"column":null}},"435":{"start":{"line":1424,"column":12},"end":{"line":1424,"column":null}},"436":{"start":{"line":1427,"column":8},"end":{"line":1427,"column":null}},"437":{"start":{"line":1428,"column":8},"end":{"line":1428,"column":null}},"438":{"start":{"line":1431,"column":4},"end":{"line":1431,"column":null}},"439":{"start":{"line":1433,"column":4},"end":{"line":1434,"column":null}},"440":{"start":{"line":1434,"column":8},"end":{"line":1434,"column":null}},"441":{"start":{"line":1437,"column":4},"end":{"line":1438,"column":null}},"442":{"start":{"line":1438,"column":8},"end":{"line":1438,"column":null}},"443":{"start":{"line":1441,"column":4},"end":{"line":1467,"column":null}},"444":{"start":{"line":1442,"column":24},"end":{"line":1442,"column":41}},"445":{"start":{"line":1443,"column":24},"end":{"line":1443,"column":43}},"446":{"start":{"line":1444,"column":8},"end":{"line":1445,"column":null}},"447":{"start":{"line":1445,"column":12},"end":{"line":1445,"column":null}},"448":{"start":{"line":1448,"column":24},"end":{"line":1448,"column":53}},"449":{"start":{"line":1449,"column":8},"end":{"line":1450,"column":null}},"450":{"start":{"line":1450,"column":12},"end":{"line":1450,"column":null}},"451":{"start":{"line":1453,"column":28},"end":{"line":1453,"column":43}},"452":{"start":{"line":1454,"column":8},"end":{"line":1459,"column":null}},"453":{"start":{"line":1455,"column":12},"end":{"line":1455,"column":null}},"454":{"start":{"line":1456,"column":12},"end":{"line":1458,"column":null}},"455":{"start":{"line":1461,"column":8},"end":{"line":1464,"column":null}},"456":{"start":{"line":1466,"column":8},"end":{"line":1466,"column":null}},"457":{"start":{"line":1467,"column":8},"end":{"line":1467,"column":null}},"458":{"start":{"line":1505,"column":0},"end":{"line":1587,"column":null}},"459":{"start":{"line":1506,"column":22},"end":{"line":1506,"column":null}},"460":{"start":{"line":1507,"column":41},"end":{"line":1507,"column":null}},"461":{"start":{"line":1509,"column":4},"end":{"line":1510,"column":null}},"462":{"start":{"line":1510,"column":8},"end":{"line":1510,"column":null}},"463":{"start":{"line":1513,"column":4},"end":{"line":1521,"column":null}},"464":{"start":{"line":1514,"column":27},"end":{"line":1514,"column":59}},"465":{"start":{"line":1515,"column":31},"end":{"line":1515,"column":null}},"466":{"start":{"line":1516,"column":8},"end":{"line":1517,"column":null}},"467":{"start":{"line":1517,"column":12},"end":{"line":1517,"column":null}},"468":{"start":{"line":1520,"column":8},"end":{"line":1520,"column":null}},"469":{"start":{"line":1521,"column":8},"end":{"line":1521,"column":null}},"470":{"start":{"line":1524,"column":4},"end":{"line":1525,"column":null}},"471":{"start":{"line":1525,"column":8},"end":{"line":1525,"column":null}},"472":{"start":{"line":1528,"column":4},"end":{"line":1585,"column":null}},"473":{"start":{"line":1529,"column":24},"end":{"line":1529,"column":53}},"474":{"start":{"line":1530,"column":8},"end":{"line":1531,"column":null}},"475":{"start":{"line":1531,"column":12},"end":{"line":1531,"column":null}},"476":{"start":{"line":1534,"column":8},"end":{"line":1542,"column":null}},"477":{"start":{"line":1537,"column":12},"end":{"line":1538,"column":null}},"478":{"start":{"line":1538,"column":16},"end":{"line":1538,"column":null}},"479":{"start":{"line":1541,"column":12},"end":{"line":1541,"column":null}},"480":{"start":{"line":1542,"column":12},"end":{"line":1542,"column":null}},"481":{"start":{"line":1545,"column":26},"end":{"line":1545,"column":56}},"482":{"start":{"line":1546,"column":8},"end":{"line":1547,"column":null}},"483":{"start":{"line":1547,"column":12},"end":{"line":1547,"column":null}},"484":{"start":{"line":1550,"column":28},"end":{"line":1550,"column":65}},"485":{"start":{"line":1551,"column":8},"end":{"line":1552,"column":null}},"486":{"start":{"line":1552,"column":12},"end":{"line":1552,"column":null}},"487":{"start":{"line":1555,"column":29},"end":{"line":1555,"column":47}},"488":{"start":{"line":1556,"column":8},"end":{"line":1557,"column":null}},"489":{"start":{"line":1557,"column":12},"end":{"line":1557,"column":null}},"490":{"start":{"line":1560,"column":24},"end":{"line":1560,"column":70}},"491":{"start":{"line":1561,"column":8},"end":{"line":1562,"column":null}},"492":{"start":{"line":1562,"column":12},"end":{"line":1562,"column":null}},"493":{"start":{"line":1564,"column":8},"end":{"line":1565,"column":null}},"494":{"start":{"line":1565,"column":12},"end":{"line":1565,"column":null}},"495":{"start":{"line":1568,"column":25},"end":{"line":1568,"column":85}},"496":{"start":{"line":1570,"column":8},"end":{"line":1571,"column":null}},"497":{"start":{"line":1571,"column":12},"end":{"line":1571,"column":null}},"498":{"start":{"line":1576,"column":8},"end":{"line":1577,"column":null}},"499":{"start":{"line":1577,"column":12},"end":{"line":1577,"column":null}},"500":{"start":{"line":1580,"column":8},"end":{"line":1580,"column":null}},"501":{"start":{"line":1582,"column":8},"end":{"line":1582,"column":null}},"502":{"start":{"line":1584,"column":8},"end":{"line":1584,"column":null}},"503":{"start":{"line":1585,"column":8},"end":{"line":1585,"column":null}},"504":{"start":{"line":1624,"column":0},"end":{"line":1665,"column":null}},"505":{"start":{"line":1625,"column":19},"end":{"line":1625,"column":null}},"506":{"start":{"line":1627,"column":4},"end":{"line":1628,"column":null}},"507":{"start":{"line":1628,"column":8},"end":{"line":1628,"column":null}},"508":{"start":{"line":1631,"column":4},"end":{"line":1663,"column":null}},"509":{"start":{"line":1632,"column":24},"end":{"line":1632,"column":53}},"510":{"start":{"line":1633,"column":8},"end":{"line":1634,"column":null}},"511":{"start":{"line":1634,"column":12},"end":{"line":1634,"column":null}},"512":{"start":{"line":1637,"column":26},"end":{"line":1637,"column":56}},"513":{"start":{"line":1638,"column":33},"end":{"line":1638,"column":85}},"514":{"start":{"line":1639,"column":30},"end":{"line":1639,"column":32}},"515":{"start":{"line":1641,"column":8},"end":{"line":1656,"column":null}},"516":{"start":{"line":1642,"column":25},"end":{"line":1642,"column":null}},"517":{"start":{"line":1643,"column":31},"end":{"line":1643,"column":null}},"518":{"start":{"line":1646,"column":12},"end":{"line":1656,"column":null}},"519":{"start":{"line":1647,"column":36},"end":{"line":1647,"column":73}},"520":{"start":{"line":1648,"column":16},"end":{"line":1653,"column":null}},"521":{"start":{"line":1649,"column":20},"end":{"line":1653,"column":null}},"522":{"start":{"line":1655,"column":23},"end":{"line":1656,"column":null}},"523":{"start":{"line":1656,"column":16},"end":{"line":1656,"column":null}},"524":{"start":{"line":1660,"column":8},"end":{"line":1660,"column":null}},"525":{"start":{"line":1662,"column":8},"end":{"line":1662,"column":null}},"526":{"start":{"line":1663,"column":8},"end":{"line":1663,"column":null}},"527":{"start":{"line":1712,"column":0},"end":{"line":1867,"column":null}},"528":{"start":{"line":1713,"column":19},"end":{"line":1713,"column":null}},"529":{"start":{"line":1715,"column":4},"end":{"line":1716,"column":null}},"530":{"start":{"line":1716,"column":8},"end":{"line":1716,"column":null}},"531":{"start":{"line":1719,"column":4},"end":{"line":1865,"column":null}},"532":{"start":{"line":1720,"column":24},"end":{"line":1720,"column":53}},"533":{"start":{"line":1721,"column":8},"end":{"line":1722,"column":null}},"534":{"start":{"line":1722,"column":12},"end":{"line":1722,"column":null}},"535":{"start":{"line":1724,"column":26},"end":{"line":1724,"column":56}},"536":{"start":{"line":1726,"column":39},"end":{"line":1728,"column":54}},"537":{"start":{"line":1727,"column":33},"end":{"line":1727,"column":64}},"538":{"start":{"line":1728,"column":36},"end":{"line":1728,"column":54}},"539":{"start":{"line":1730,"column":8},"end":{"line":1730,"column":null}},"540":{"start":{"line":1732,"column":8},"end":{"line":1733,"column":null}},"541":{"start":{"line":1733,"column":12},"end":{"line":1733,"column":null}},"542":{"start":{"line":1736,"column":43},"end":{"line":1736,"column":79}},"543":{"start":{"line":1738,"column":29},"end":{"line":1738,"column":102}},"544":{"start":{"line":1738,"column":76},"end":{"line":1738,"column":101}},"545":{"start":{"line":1739,"column":29},"end":{"line":1739,"column":61}},"546":{"start":{"line":1741,"column":48},"end":{"line":1741,"column":57}},"547":{"start":{"line":1742,"column":30},"end":{"line":1742,"column":39}},"548":{"start":{"line":1744,"column":8},"end":{"line":1744,"column":null}},"549":{"start":{"line":1744,"column":96},"end":{"line":1744,"column":132}},"550":{"start":{"line":1746,"column":8},"end":{"line":1777,"column":null}},"551":{"start":{"line":1747,"column":12},"end":{"line":1747,"column":null}},"552":{"start":{"line":1748,"column":12},"end":{"line":1750,"column":null}},"553":{"start":{"line":1749,"column":16},"end":{"line":1749,"column":null}},"554":{"start":{"line":1750,"column":16},"end":{"line":1750,"column":null}},"555":{"start":{"line":1753,"column":33},"end":{"line":1753,"column":51}},"556":{"start":{"line":1754,"column":41},"end":{"line":1761,"column":48}},"557":{"start":{"line":1760,"column":32},"end":{"line":1760,"column":58}},"558":{"start":{"line":1761,"column":35},"end":{"line":1761,"column":48}},"559":{"start":{"line":1763,"column":12},"end":{"line":1768,"column":null}},"560":{"start":{"line":1764,"column":16},"end":{"line":1767,"column":null}},"561":{"start":{"line":1768,"column":16},"end":{"line":1768,"column":null}},"562":{"start":{"line":1771,"column":37},"end":{"line":1771,"column":71}},"563":{"start":{"line":1772,"column":12},"end":{"line":1772,"column":null}},"564":{"start":{"line":1774,"column":12},"end":{"line":1776,"column":null}},"565":{"start":{"line":1775,"column":16},"end":{"line":1775,"column":null}},"566":{"start":{"line":1780,"column":34},"end":{"line":1780,"column":52}},"567":{"start":{"line":1781,"column":8},"end":{"line":1783,"column":null}},"568":{"start":{"line":1782,"column":12},"end":{"line":1782,"column":null}},"569":{"start":{"line":1783,"column":12},"end":{"line":1783,"column":null}},"570":{"start":{"line":1786,"column":8},"end":{"line":1786,"column":null}},"571":{"start":{"line":1788,"column":29},"end":{"line":1788,"column":89}},"572":{"start":{"line":1788,"column":67},"end":{"line":1788,"column":88}},"573":{"start":{"line":1789,"column":8},"end":{"line":1789,"column":null}},"574":{"start":{"line":1789,"column":112},"end":{"line":1789,"column":121}},"575":{"start":{"line":1790,"column":29},"end":{"line":1790,"column":61}},"576":{"start":{"line":1791,"column":8},"end":{"line":1791,"column":null}},"577":{"start":{"line":1791,"column":96},"end":{"line":1791,"column":132}},"578":{"start":{"line":1793,"column":8},"end":{"line":1793,"column":null}},"579":{"start":{"line":1793,"column":96},"end":{"line":1793,"column":132}},"580":{"start":{"line":1795,"column":29},"end":{"line":1795,"column":38}},"581":{"start":{"line":1796,"column":8},"end":{"line":1821,"column":null}},"582":{"start":{"line":1797,"column":12},"end":{"line":1798,"column":null}},"583":{"start":{"line":1798,"column":16},"end":{"line":1798,"column":null}},"584":{"start":{"line":1801,"column":34},"end":{"line":1801,"column":86}},"585":{"start":{"line":1802,"column":33},"end":{"line":1802,"column":null}},"586":{"start":{"line":1804,"column":26},"end":{"line":1811,"column":null}},"587":{"start":{"line":1813,"column":12},"end":{"line":1820,"column":null}},"588":{"start":{"line":1824,"column":31},"end":{"line":1824,"column":33}},"589":{"start":{"line":1825,"column":8},"end":{"line":1855,"column":null}},"590":{"start":{"line":1826,"column":41},"end":{"line":1826,"column":94}},"591":{"start":{"line":1827,"column":39},"end":{"line":1827,"column":112}},"592":{"start":{"line":1827,"column":82},"end":{"line":1827,"column":111}},"593":{"start":{"line":1828,"column":29},"end":{"line":1828,"column":null}},"594":{"start":{"line":1830,"column":12},"end":{"line":1833,"column":null}},"595":{"start":{"line":1835,"column":12},"end":{"line":1840,"column":null}},"596":{"start":{"line":1836,"column":16},"end":{"line":1839,"column":null}},"597":{"start":{"line":1840,"column":16},"end":{"line":1840,"column":null}},"598":{"start":{"line":1843,"column":12},"end":{"line":1843,"column":null}},"599":{"start":{"line":1845,"column":12},"end":{"line":1854,"column":null}},"600":{"start":{"line":1857,"column":8},"end":{"line":1859,"column":null}},"601":{"start":{"line":1861,"column":8},"end":{"line":1861,"column":null}},"602":{"start":{"line":1864,"column":8},"end":{"line":1864,"column":null}},"603":{"start":{"line":1865,"column":8},"end":{"line":1865,"column":null}},"604":{"start":{"line":1905,"column":0},"end":{"line":1939,"column":null}},"605":{"start":{"line":1906,"column":4},"end":{"line":1937,"column":null}},"606":{"start":{"line":1907,"column":25},"end":{"line":1907,"column":90}},"607":{"start":{"line":1908,"column":30},"end":{"line":1908,"column":32}},"608":{"start":{"line":1910,"column":8},"end":{"line":1910,"column":null}},"609":{"start":{"line":1912,"column":8},"end":{"line":1930,"column":null}},"610":{"start":{"line":1913,"column":32},"end":{"line":1913,"column":42}},"611":{"start":{"line":1914,"column":28},"end":{"line":1914,"column":69}},"612":{"start":{"line":1915,"column":28},"end":{"line":1915,"column":69}},"613":{"start":{"line":1917,"column":12},"end":{"line":1917,"column":null}},"614":{"start":{"line":1918,"column":12},"end":{"line":1918,"column":null}},"615":{"start":{"line":1919,"column":12},"end":{"line":1919,"column":null}},"616":{"start":{"line":1921,"column":12},"end":{"line":1930,"column":null}},"617":{"start":{"line":1922,"column":16},"end":{"line":1930,"column":null}},"618":{"start":{"line":1933,"column":8},"end":{"line":1933,"column":null}},"619":{"start":{"line":1936,"column":8},"end":{"line":1936,"column":null}},"620":{"start":{"line":1937,"column":8},"end":{"line":1937,"column":null}},"621":{"start":{"line":1974,"column":0},"end":{"line":2008,"column":null}},"622":{"start":{"line":1975,"column":4},"end":{"line":2006,"column":null}},"623":{"start":{"line":1976,"column":25},"end":{"line":1976,"column":91}},"624":{"start":{"line":1977,"column":30},"end":{"line":1977,"column":32}},"625":{"start":{"line":1979,"column":8},"end":{"line":1979,"column":null}},"626":{"start":{"line":1981,"column":8},"end":{"line":1999,"column":null}},"627":{"start":{"line":1982,"column":32},"end":{"line":1982,"column":42}},"628":{"start":{"line":1983,"column":28},"end":{"line":1983,"column":69}},"629":{"start":{"line":1984,"column":28},"end":{"line":1984,"column":69}},"630":{"start":{"line":1986,"column":12},"end":{"line":1986,"column":null}},"631":{"start":{"line":1987,"column":12},"end":{"line":1987,"column":null}},"632":{"start":{"line":1988,"column":12},"end":{"line":1988,"column":null}},"633":{"start":{"line":1990,"column":12},"end":{"line":1999,"column":null}},"634":{"start":{"line":1991,"column":16},"end":{"line":1999,"column":null}},"635":{"start":{"line":2002,"column":8},"end":{"line":2002,"column":null}},"636":{"start":{"line":2005,"column":8},"end":{"line":2005,"column":null}},"637":{"start":{"line":2006,"column":8},"end":{"line":2006,"column":null}},"638":{"start":{"line":2047,"column":0},"end":{"line":2097,"column":null}},"639":{"start":{"line":2048,"column":19},"end":{"line":2048,"column":null}},"640":{"start":{"line":2049,"column":4},"end":{"line":2050,"column":null}},"641":{"start":{"line":2050,"column":8},"end":{"line":2050,"column":null}},"642":{"start":{"line":2053,"column":4},"end":{"line":2095,"column":null}},"643":{"start":{"line":2054,"column":25},"end":{"line":2054,"column":92}},"644":{"start":{"line":2055,"column":30},"end":{"line":2055,"column":32}},"645":{"start":{"line":2057,"column":8},"end":{"line":2087,"column":null}},"646":{"start":{"line":2058,"column":32},"end":{"line":2058,"column":42}},"647":{"start":{"line":2059,"column":28},"end":{"line":2059,"column":69}},"648":{"start":{"line":2061,"column":12},"end":{"line":2087,"column":null}},"649":{"start":{"line":2062,"column":22},"end":{"line":2062,"column":null}},"650":{"start":{"line":2064,"column":16},"end":{"line":2087,"column":null}},"651":{"start":{"line":2065,"column":26},"end":{"line":2065,"column":null}},"652":{"start":{"line":2067,"column":20},"end":{"line":2076,"column":null}},"653":{"start":{"line":2079,"column":20},"end":{"line":2087,"column":null}},"654":{"start":{"line":2091,"column":8},"end":{"line":2091,"column":null}},"655":{"start":{"line":2094,"column":8},"end":{"line":2094,"column":null}},"656":{"start":{"line":2095,"column":8},"end":{"line":2095,"column":null}},"657":{"start":{"line":2129,"column":0},"end":{"line":2156,"column":null}},"658":{"start":{"line":2130,"column":19},"end":{"line":2130,"column":null}},"659":{"start":{"line":2132,"column":4},"end":{"line":2133,"column":null}},"660":{"start":{"line":2133,"column":8},"end":{"line":2133,"column":null}},"661":{"start":{"line":2136,"column":4},"end":{"line":2154,"column":null}},"662":{"start":{"line":2137,"column":25},"end":{"line":2137,"column":75}},"663":{"start":{"line":2138,"column":28},"end":{"line":2138,"column":30}},"664":{"start":{"line":2140,"column":8},"end":{"line":2147,"column":null}},"665":{"start":{"line":2141,"column":34},"end":{"line":2141,"column":null}},"666":{"start":{"line":2142,"column":41},"end":{"line":2142,"column":75}},"667":{"start":{"line":2144,"column":12},"end":{"line":2145,"column":null}},"668":{"start":{"line":2145,"column":16},"end":{"line":2145,"column":null}},"669":{"start":{"line":2149,"column":34},"end":{"line":2149,"column":59}},"670":{"start":{"line":2150,"column":8},"end":{"line":2150,"column":null}},"671":{"start":{"line":2153,"column":8},"end":{"line":2153,"column":null}},"672":{"start":{"line":2154,"column":8},"end":{"line":2154,"column":null}},"673":{"start":{"line":2194,"column":0},"end":{"line":2257,"column":null}},"674":{"start":{"line":2195,"column":50},"end":{"line":2195,"column":null}},"675":{"start":{"line":2197,"column":4},"end":{"line":2198,"column":null}},"676":{"start":{"line":2198,"column":8},"end":{"line":2198,"column":null}},"677":{"start":{"line":2201,"column":4},"end":{"line":2202,"column":null}},"678":{"start":{"line":2202,"column":8},"end":{"line":2202,"column":null}},"679":{"start":{"line":2205,"column":4},"end":{"line":2255,"column":null}},"680":{"start":{"line":2206,"column":24},"end":{"line":2206,"column":53}},"681":{"start":{"line":2207,"column":8},"end":{"line":2208,"column":null}},"682":{"start":{"line":2208,"column":12},"end":{"line":2208,"column":null}},"683":{"start":{"line":2212,"column":26},"end":{"line":2212,"column":56}},"684":{"start":{"line":2213,"column":8},"end":{"line":2214,"column":null}},"685":{"start":{"line":2214,"column":12},"end":{"line":2214,"column":null}},"686":{"start":{"line":2218,"column":33},"end":{"line":2218,"column":119}},"687":{"start":{"line":2219,"column":8},"end":{"line":2220,"column":null}},"688":{"start":{"line":2220,"column":12},"end":{"line":2220,"column":null}},"689":{"start":{"line":2224,"column":24},"end":{"line":2224,"column":53}},"690":{"start":{"line":2225,"column":8},"end":{"line":2226,"column":null}},"691":{"start":{"line":2226,"column":12},"end":{"line":2226,"column":null}},"692":{"start":{"line":2230,"column":28},"end":{"line":2230,"column":65}},"693":{"start":{"line":2231,"column":8},"end":{"line":2232,"column":null}},"694":{"start":{"line":2232,"column":12},"end":{"line":2232,"column":null}},"695":{"start":{"line":2234,"column":8},"end":{"line":2235,"column":null}},"696":{"start":{"line":2235,"column":12},"end":{"line":2235,"column":null}},"697":{"start":{"line":2239,"column":8},"end":{"line":2240,"column":null}},"698":{"start":{"line":2240,"column":12},"end":{"line":2240,"column":null}},"699":{"start":{"line":2244,"column":33},"end":{"line":2244,"column":123}},"700":{"start":{"line":2245,"column":8},"end":{"line":2246,"column":null}},"701":{"start":{"line":2246,"column":12},"end":{"line":2246,"column":null}},"702":{"start":{"line":2250,"column":8},"end":{"line":2250,"column":null}},"703":{"start":{"line":2251,"column":8},"end":{"line":2251,"column":null}},"704":{"start":{"line":2254,"column":8},"end":{"line":2254,"column":null}},"705":{"start":{"line":2255,"column":8},"end":{"line":2255,"column":null}},"706":{"start":{"line":2290,"column":0},"end":{"line":2319,"column":null}},"707":{"start":{"line":2291,"column":23},"end":{"line":2291,"column":null}},"708":{"start":{"line":2292,"column":22},"end":{"line":2292,"column":null}},"709":{"start":{"line":2294,"column":4},"end":{"line":2295,"column":null}},"710":{"start":{"line":2295,"column":8},"end":{"line":2295,"column":null}},"711":{"start":{"line":2298,"column":4},"end":{"line":2317,"column":null}},"712":{"start":{"line":2299,"column":24},"end":{"line":2299,"column":53}},"713":{"start":{"line":2300,"column":8},"end":{"line":2301,"column":null}},"714":{"start":{"line":2301,"column":12},"end":{"line":2301,"column":null}},"715":{"start":{"line":2304,"column":27},"end":{"line":2304,"column":62}},"716":{"start":{"line":2305,"column":8},"end":{"line":2306,"column":null}},"717":{"start":{"line":2306,"column":12},"end":{"line":2306,"column":null}},"718":{"start":{"line":2308,"column":8},"end":{"line":2309,"column":null}},"719":{"start":{"line":2309,"column":12},"end":{"line":2309,"column":null}},"720":{"start":{"line":2312,"column":8},"end":{"line":2312,"column":null}},"721":{"start":{"line":2313,"column":8},"end":{"line":2313,"column":null}},"722":{"start":{"line":2316,"column":8},"end":{"line":2316,"column":null}},"723":{"start":{"line":2317,"column":8},"end":{"line":2317,"column":null}},"724":{"start":{"line":2352,"column":0},"end":{"line":2433,"column":null}},"725":{"start":{"line":2353,"column":23},"end":{"line":2353,"column":null}},"726":{"start":{"line":2354,"column":22},"end":{"line":2354,"column":null}},"727":{"start":{"line":2356,"column":4},"end":{"line":2357,"column":null}},"728":{"start":{"line":2357,"column":8},"end":{"line":2357,"column":null}},"729":{"start":{"line":2360,"column":4},"end":{"line":2430,"column":null}},"730":{"start":{"line":2361,"column":25},"end":{"line":2361,"column":54}},"731":{"start":{"line":2363,"column":8},"end":{"line":2364,"column":null}},"732":{"start":{"line":2364,"column":12},"end":{"line":2364,"column":null}},"733":{"start":{"line":2367,"column":27},"end":{"line":2367,"column":62}},"734":{"start":{"line":2369,"column":8},"end":{"line":2370,"column":null}},"735":{"start":{"line":2370,"column":12},"end":{"line":2370,"column":null}},"736":{"start":{"line":2372,"column":28},"end":{"line":2372,"column":45}},"737":{"start":{"line":2374,"column":8},"end":{"line":2375,"column":null}},"738":{"start":{"line":2375,"column":12},"end":{"line":2375,"column":null}},"739":{"start":{"line":2378,"column":26},"end":{"line":2378,"column":67}},"740":{"start":{"line":2380,"column":8},"end":{"line":2381,"column":null}},"741":{"start":{"line":2381,"column":12},"end":{"line":2381,"column":null}},"742":{"start":{"line":2384,"column":8},"end":{"line":2385,"column":null}},"743":{"start":{"line":2385,"column":12},"end":{"line":2385,"column":null}},"744":{"start":{"line":2388,"column":26},"end":{"line":2388,"column":41}},"745":{"start":{"line":2390,"column":8},"end":{"line":2391,"column":null}},"746":{"start":{"line":2391,"column":12},"end":{"line":2391,"column":null}},"747":{"start":{"line":2394,"column":8},"end":{"line":2395,"column":null}},"748":{"start":{"line":2395,"column":12},"end":{"line":2395,"column":null}},"749":{"start":{"line":2398,"column":8},"end":{"line":2398,"column":null}},"750":{"start":{"line":2401,"column":8},"end":{"line":2417,"column":null}},"751":{"start":{"line":2403,"column":12},"end":{"line":2406,"column":null}},"752":{"start":{"line":2408,"column":12},"end":{"line":2411,"column":null}},"753":{"start":{"line":2413,"column":12},"end":{"line":2416,"column":null}},"754":{"start":{"line":2420,"column":22},"end":{"line":2420,"column":66}},"755":{"start":{"line":2421,"column":8},"end":{"line":2422,"column":null}},"756":{"start":{"line":2422,"column":12},"end":{"line":2422,"column":null}},"757":{"start":{"line":2425,"column":8},"end":{"line":2425,"column":null}},"758":{"start":{"line":2429,"column":8},"end":{"line":2429,"column":null}},"759":{"start":{"line":2430,"column":8},"end":{"line":2430,"column":null}},"760":{"start":{"line":2468,"column":0},"end":{"line":2487,"column":null}},"761":{"start":{"line":2469,"column":4},"end":{"line":2485,"column":null}},"762":{"start":{"line":2470,"column":25},"end":{"line":2470,"column":59}},"763":{"start":{"line":2471,"column":27},"end":{"line":2471,"column":29}},"764":{"start":{"line":2473,"column":8},"end":{"line":2481,"column":null}},"765":{"start":{"line":2474,"column":29},"end":{"line":2474,"column":39}},"766":{"start":{"line":2475,"column":12},"end":{"line":2480,"column":null}},"767":{"start":{"line":2482,"column":8},"end":{"line":2482,"column":null}},"768":{"start":{"line":2484,"column":8},"end":{"line":2484,"column":null}},"769":{"start":{"line":2485,"column":8},"end":{"line":2485,"column":null}},"770":{"start":{"line":2517,"column":0},"end":{"line":2535,"column":null}},"771":{"start":{"line":2518,"column":19},"end":{"line":2518,"column":null}},"772":{"start":{"line":2520,"column":4},"end":{"line":2521,"column":null}},"773":{"start":{"line":2521,"column":8},"end":{"line":2521,"column":null}},"774":{"start":{"line":2524,"column":4},"end":{"line":2533,"column":null}},"775":{"start":{"line":2525,"column":24},"end":{"line":2525,"column":53}},"776":{"start":{"line":2526,"column":8},"end":{"line":2527,"column":null}},"777":{"start":{"line":2527,"column":12},"end":{"line":2527,"column":null}},"778":{"start":{"line":2529,"column":27},"end":{"line":2529,"column":58}},"779":{"start":{"line":2530,"column":8},"end":{"line":2530,"column":null}},"780":{"start":{"line":2532,"column":8},"end":{"line":2532,"column":null}},"781":{"start":{"line":2533,"column":8},"end":{"line":2533,"column":null}},"782":{"start":{"line":2568,"column":0},"end":{"line":2607,"column":null}},"783":{"start":{"line":2569,"column":23},"end":{"line":2569,"column":null}},"784":{"start":{"line":2570,"column":19},"end":{"line":2570,"column":null}},"785":{"start":{"line":2572,"column":4},"end":{"line":2573,"column":null}},"786":{"start":{"line":2573,"column":8},"end":{"line":2573,"column":null}},"787":{"start":{"line":2576,"column":4},"end":{"line":2605,"column":null}},"788":{"start":{"line":2577,"column":24},"end":{"line":2577,"column":53}},"789":{"start":{"line":2578,"column":8},"end":{"line":2579,"column":null}},"790":{"start":{"line":2579,"column":12},"end":{"line":2579,"column":null}},"791":{"start":{"line":2582,"column":24},"end":{"line":2582,"column":70}},"792":{"start":{"line":2583,"column":8},"end":{"line":2584,"column":null}},"793":{"start":{"line":2584,"column":12},"end":{"line":2584,"column":null}},"794":{"start":{"line":2586,"column":25},"end":{"line":2586,"column":39}},"795":{"start":{"line":2588,"column":8},"end":{"line":2589,"column":null}},"796":{"start":{"line":2589,"column":12},"end":{"line":2589,"column":null}},"797":{"start":{"line":2592,"column":27},"end":{"line":2592,"column":58}},"798":{"start":{"line":2593,"column":8},"end":{"line":2594,"column":null}},"799":{"start":{"line":2594,"column":12},"end":{"line":2594,"column":null}},"800":{"start":{"line":2597,"column":8},"end":{"line":2600,"column":null}},"801":{"start":{"line":2602,"column":8},"end":{"line":2602,"column":null}},"802":{"start":{"line":2604,"column":8},"end":{"line":2604,"column":null}},"803":{"start":{"line":2605,"column":8},"end":{"line":2605,"column":null}},"804":{"start":{"line":2640,"column":0},"end":{"line":2671,"column":null}},"805":{"start":{"line":2641,"column":4},"end":{"line":2669,"column":null}},"806":{"start":{"line":2642,"column":27},"end":{"line":2642,"column":null}},"807":{"start":{"line":2643,"column":21},"end":{"line":2643,"column":null}},"808":{"start":{"line":2644,"column":8},"end":{"line":2645,"column":null}},"809":{"start":{"line":2645,"column":12},"end":{"line":2645,"column":null}},"810":{"start":{"line":2648,"column":8},"end":{"line":2649,"column":null}},"811":{"start":{"line":2649,"column":12},"end":{"line":2649,"column":null}},"812":{"start":{"line":2652,"column":14},"end":{"line":2662,"column":null}},"813":{"start":{"line":2653,"column":12},"end":{"line":2662,"column":null}},"814":{"start":{"line":2654,"column":31},"end":{"line":2660,"column":null}},"815":{"start":{"line":2657,"column":24},"end":{"line":2657,"column":null}},"816":{"start":{"line":2657,"column":35},"end":{"line":2657,"column":null}},"817":{"start":{"line":2658,"column":24},"end":{"line":2658,"column":null}},"818":{"start":{"line":2661,"column":16},"end":{"line":2661,"column":null}},"819":{"start":{"line":2664,"column":23},"end":{"line":2664,"column":47}},"820":{"start":{"line":2665,"column":8},"end":{"line":2665,"column":null}},"821":{"start":{"line":2668,"column":8},"end":{"line":2668,"column":null}},"822":{"start":{"line":2669,"column":8},"end":{"line":2669,"column":null}},"823":{"start":{"line":2702,"column":0},"end":{"line":2721,"column":null}},"824":{"start":{"line":2703,"column":33},"end":{"line":2703,"column":null}},"825":{"start":{"line":2705,"column":4},"end":{"line":2706,"column":null}},"826":{"start":{"line":2706,"column":8},"end":{"line":2706,"column":null}},"827":{"start":{"line":2709,"column":4},"end":{"line":2710,"column":null}},"828":{"start":{"line":2710,"column":8},"end":{"line":2710,"column":null}},"829":{"start":{"line":2713,"column":4},"end":{"line":2719,"column":null}},"830":{"start":{"line":2714,"column":23},"end":{"line":2714,"column":66}},"831":{"start":{"line":2715,"column":8},"end":{"line":2715,"column":null}},"832":{"start":{"line":2716,"column":8},"end":{"line":2716,"column":null}},"833":{"start":{"line":2718,"column":8},"end":{"line":2718,"column":null}},"834":{"start":{"line":2719,"column":8},"end":{"line":2719,"column":null}},"835":{"start":{"line":2751,"column":0},"end":{"line":2766,"column":null}},"836":{"start":{"line":2752,"column":19},"end":{"line":2752,"column":null}},"837":{"start":{"line":2754,"column":4},"end":{"line":2755,"column":null}},"838":{"start":{"line":2755,"column":8},"end":{"line":2755,"column":null}},"839":{"start":{"line":2758,"column":4},"end":{"line":2764,"column":null}},"840":{"start":{"line":2759,"column":28},"end":{"line":2759,"column":49}},"841":{"start":{"line":2760,"column":8},"end":{"line":2760,"column":null}},"842":{"start":{"line":2763,"column":8},"end":{"line":2763,"column":null}},"843":{"start":{"line":2764,"column":8},"end":{"line":2764,"column":null}},"844":{"start":{"line":2776,"column":4},"end":{"line":2784,"column":null}},"845":{"start":{"line":2778,"column":12},"end":{"line":2778,"column":null}},"846":{"start":{"line":2779,"column":12},"end":{"line":2779,"column":null}},"847":{"start":{"line":2782,"column":12},"end":{"line":2782,"column":null}},"848":{"start":{"line":2783,"column":12},"end":{"line":2783,"column":null}},"849":{"start":{"line":2809,"column":0},"end":{"line":2812,"column":null}},"850":{"start":{"line":2810,"column":4},"end":{"line":2810,"column":null}},"851":{"start":{"line":2811,"column":4},"end":{"line":2811,"column":null}},"852":{"start":{"line":2814,"column":13},"end":{"line":2814,"column":null}},"853":{"start":{"line":2817,"column":4},"end":{"line":2822,"column":null}},"854":{"start":{"line":2818,"column":8},"end":{"line":2818,"column":null}},"855":{"start":{"line":2819,"column":8},"end":{"line":2819,"column":null}},"856":{"start":{"line":2820,"column":8},"end":{"line":2820,"column":null}},"857":{"start":{"line":2821,"column":8},"end":{"line":2821,"column":null}},"858":{"start":{"line":2825,"column":0},"end":{"line":2826,"column":null}},"859":{"start":{"line":2826,"column":4},"end":{"line":2826,"column":null}},"860":{"start":{"line":2829,"column":0},"end":{"line":2835,"column":null}}},"fnMap":{"0":{"name":"createTestAdminMock","decl":{"start":{"line":11,"column":9},"end":{"line":11,"column":31}},"loc":{"start":{"line":11,"column":31},"end":{"line":210,"column":null}},"line":11},"1":{"name":"(anonymous_1)","decl":{"start":{"line":14,"column":10},"end":{"line":14,"column":19}},"loc":{"start":{"line":14,"column":45},"end":{"line":14,"column":null}},"line":14},"2":{"name":"(anonymous_2)","decl":{"start":{"line":16,"column":10},"end":{"line":16,"column":23}},"loc":{"start":{"line":16,"column":33},"end":{"line":33,"column":null}},"line":16},"3":{"name":"(anonymous_3)","decl":{"start":{"line":22,"column":25},"end":{"line":22,"column":30}},"loc":{"start":{"line":22,"column":40},"end":{"line":22,"column":56}},"line":22},"4":{"name":"(anonymous_4)","decl":{"start":{"line":27,"column":31},"end":{"line":27,"column":40}},"loc":{"start":{"line":27,"column":48},"end":{"line":29,"column":null}},"line":27},"5":{"name":"(anonymous_5)","decl":{"start":{"line":36,"column":10},"end":{"line":36,"column":29}},"loc":{"start":{"line":36,"column":56},"end":{"line":60,"column":null}},"line":36},"6":{"name":"(anonymous_6)","decl":{"start":{"line":47,"column":31},"end":{"line":47,"column":40}},"loc":{"start":{"line":47,"column":50},"end":{"line":51,"column":null}},"line":47},"7":{"name":"(anonymous_7)","decl":{"start":{"line":48,"column":29},"end":{"line":48,"column":35}},"loc":{"start":{"line":48,"column":48},"end":{"line":48,"column":67}},"line":48},"8":{"name":"(anonymous_8)","decl":{"start":{"line":57,"column":27},"end":{"line":57,"column":35}},"loc":{"start":{"line":57,"column":45},"end":{"line":57,"column":103}},"line":57},"9":{"name":"(anonymous_9)","decl":{"start":{"line":57,"column":65},"end":{"line":57,"column":71}},"loc":{"start":{"line":57,"column":84},"end":{"line":57,"column":103}},"line":57},"10":{"name":"makeDocRef","decl":{"start":{"line":63,"column":13},"end":{"line":63,"column":24}},"loc":{"start":{"line":63,"column":47},"end":{"line":98,"column":null}},"line":63},"11":{"name":"(anonymous_11)","decl":{"start":{"line":69,"column":12},"end":{"line":69,"column":25}},"loc":{"start":{"line":69,"column":47},"end":{"line":69,"column":115}},"line":69},"12":{"name":"(anonymous_12)","decl":{"start":{"line":70,"column":17},"end":{"line":70,"column":29}},"loc":{"start":{"line":70,"column":29},"end":{"line":77,"column":null}},"line":70},"13":{"name":"(anonymous_13)","decl":{"start":{"line":75,"column":20},"end":{"line":75,"column":32}},"loc":{"start":{"line":75,"column":32},"end":{"line":75,"column":null}},"line":75},"14":{"name":"(anonymous_14)","decl":{"start":{"line":79,"column":17},"end":{"line":79,"column":24}},"loc":{"start":{"line":79,"column":47},"end":{"line":83,"column":null}},"line":79},"15":{"name":"(anonymous_15)","decl":{"start":{"line":85,"column":20},"end":{"line":85,"column":27}},"loc":{"start":{"line":85,"column":39},"end":{"line":93,"column":null}},"line":85},"16":{"name":"(anonymous_16)","decl":{"start":{"line":89,"column":37},"end":{"line":89,"column":46}},"loc":{"start":{"line":89,"column":56},"end":{"line":91,"column":null}},"line":89},"17":{"name":"(anonymous_17)","decl":{"start":{"line":95,"column":20},"end":{"line":95,"column":32}},"loc":{"start":{"line":95,"column":32},"end":{"line":96,"column":null}},"line":95},"18":{"name":"makeCollectionRef","decl":{"start":{"line":101,"column":13},"end":{"line":101,"column":31}},"loc":{"start":{"line":101,"column":47},"end":{"line":175,"column":null}},"line":101},"19":{"name":"(anonymous_19)","decl":{"start":{"line":102,"column":14},"end":{"line":102,"column":27}},"loc":{"start":{"line":102,"column":39},"end":{"line":134,"column":null}},"line":102},"20":{"name":"(anonymous_20)","decl":{"start":{"line":106,"column":22},"end":{"line":106,"column":31}},"loc":{"start":{"line":106,"column":46},"end":{"line":132,"column":null}},"line":106},"21":{"name":"(anonymous_21)","decl":{"start":{"line":116,"column":39},"end":{"line":116,"column":46}},"loc":{"start":{"line":116,"column":57},"end":{"line":121,"column":null}},"line":116},"22":{"name":"(anonymous_22)","decl":{"start":{"line":129,"column":20},"end":{"line":129,"column":32}},"loc":{"start":{"line":129,"column":32},"end":{"line":129,"column":null}},"line":129},"23":{"name":"(anonymous_23)","decl":{"start":{"line":137,"column":14},"end":{"line":137,"column":30}},"loc":{"start":{"line":137,"column":67},"end":{"line":153,"column":null}},"line":137},"24":{"name":"(anonymous_24)","decl":{"start":{"line":138,"column":12},"end":{"line":138,"column":20}},"loc":{"start":{"line":138,"column":41},"end":{"line":138,"column":101}},"line":138},"25":{"name":"(anonymous_25)","decl":{"start":{"line":139,"column":12},"end":{"line":139,"column":20}},"loc":{"start":{"line":139,"column":30},"end":{"line":139,"column":58}},"line":139},"26":{"name":"(anonymous_26)","decl":{"start":{"line":140,"column":17},"end":{"line":140,"column":29}},"loc":{"start":{"line":140,"column":29},"end":{"line":151,"column":null}},"line":140},"27":{"name":"(anonymous_27)","decl":{"start":{"line":148,"column":20},"end":{"line":148,"column":30}},"loc":{"start":{"line":148,"column":43},"end":{"line":149,"column":null}},"line":148},"28":{"name":"(anonymous_28)","decl":{"start":{"line":156,"column":12},"end":{"line":156,"column":18}},"loc":{"start":{"line":156,"column":28},"end":{"line":156,"column":69}},"line":156},"29":{"name":"(anonymous_29)","decl":{"start":{"line":157,"column":12},"end":{"line":157,"column":20}},"loc":{"start":{"line":157,"column":41},"end":{"line":157,"column":77}},"line":157},"30":{"name":"(anonymous_30)","decl":{"start":{"line":158,"column":17},"end":{"line":158,"column":29}},"loc":{"start":{"line":158,"column":29},"end":{"line":167,"column":null}},"line":158},"31":{"name":"(anonymous_31)","decl":{"start":{"line":164,"column":20},"end":{"line":164,"column":30}},"loc":{"start":{"line":164,"column":43},"end":{"line":165,"column":null}},"line":164},"32":{"name":"(anonymous_32)","decl":{"start":{"line":169,"column":17},"end":{"line":169,"column":24}},"loc":{"start":{"line":169,"column":33},"end":{"line":173,"column":null}},"line":169},"33":{"name":"(anonymous_33)","decl":{"start":{"line":179,"column":8},"end":{"line":179,"column":21}},"loc":{"start":{"line":179,"column":40},"end":{"line":179,"column":73}},"line":179},"34":{"name":"(anonymous_34)","decl":{"start":{"line":180,"column":16},"end":{"line":180,"column":23}},"loc":{"start":{"line":180,"column":38},"end":{"line":180,"column":88}},"line":180},"35":{"name":"(anonymous_35)","decl":{"start":{"line":180,"column":58},"end":{"line":180,"column":63}},"loc":{"start":{"line":180,"column":74},"end":{"line":180,"column":86}},"line":180},"36":{"name":"(anonymous_36)","decl":{"start":{"line":181,"column":24},"end":{"line":181,"column":31}},"loc":{"start":{"line":181,"column":45},"end":{"line":189,"column":null}},"line":181},"37":{"name":"(anonymous_37)","decl":{"start":{"line":183,"column":16},"end":{"line":183,"column":22}},"loc":{"start":{"line":183,"column":39},"end":{"line":183,"column":55}},"line":183},"38":{"name":"(anonymous_38)","decl":{"start":{"line":184,"column":16},"end":{"line":184,"column":25}},"loc":{"start":{"line":184,"column":42},"end":{"line":184,"column":61}},"line":184},"39":{"name":"(anonymous_39)","decl":{"start":{"line":185,"column":16},"end":{"line":185,"column":25}},"loc":{"start":{"line":185,"column":36},"end":{"line":185,"column":51}},"line":185},"40":{"name":"(anonymous_40)","decl":{"start":{"line":186,"column":16},"end":{"line":186,"column":22}},"loc":{"start":{"line":186,"column":33},"end":{"line":186,"column":null}},"line":186},"41":{"name":"(anonymous_41)","decl":{"start":{"line":193,"column":10},"end":{"line":193,"column":28}},"loc":{"start":{"line":193,"column":28},"end":{"line":193,"column":null}},"line":193},"42":{"name":"(anonymous_42)","decl":{"start":{"line":195,"column":8},"end":{"line":195,"column":20}},"loc":{"start":{"line":195,"column":31},"end":{"line":195,"column":null}},"line":195},"43":{"name":"(anonymous_43)","decl":{"start":{"line":196,"column":8},"end":{"line":196,"column":21}},"loc":{"start":{"line":196,"column":36},"end":{"line":196,"column":null}},"line":196},"44":{"name":"(anonymous_44)","decl":{"start":{"line":197,"column":8},"end":{"line":197,"column":22}},"loc":{"start":{"line":197,"column":37},"end":{"line":197,"column":null}},"line":197},"45":{"name":"(anonymous_45)","decl":{"start":{"line":201,"column":8},"end":{"line":201,"column":30}},"loc":{"start":{"line":201,"column":30},"end":{"line":201,"column":59}},"line":201},"46":{"name":"(anonymous_46)","decl":{"start":{"line":203,"column":12},"end":{"line":203,"column":25}},"loc":{"start":{"line":203,"column":25},"end":{"line":203,"column":54}},"line":203},"47":{"name":"(anonymous_47)","decl":{"start":{"line":207,"column":12},"end":{"line":207,"column":25}},"loc":{"start":{"line":207,"column":25},"end":{"line":207,"column":42}},"line":207},"48":{"name":"(anonymous_48)","decl":{"start":{"line":208,"column":12},"end":{"line":208,"column":21}},"loc":{"start":{"line":208,"column":47},"end":{"line":208,"column":null}},"line":208},"49":{"name":"(anonymous_49)","decl":{"start":{"line":282,"column":8},"end":{"line":282,"column":29}},"loc":{"start":{"line":282,"column":42},"end":{"line":285,"column":null}},"line":282},"50":{"name":"(anonymous_50)","decl":{"start":{"line":315,"column":32},"end":{"line":315,"column":39}},"loc":{"start":{"line":315,"column":52},"end":{"line":331,"column":null}},"line":315},"51":{"name":"generateSessionId","decl":{"start":{"line":340,"column":9},"end":{"line":340,"column":27}},"loc":{"start":{"line":340,"column":35},"end":{"line":346,"column":null}},"line":340},"52":{"name":"(anonymous_52)","decl":{"start":{"line":380,"column":8},"end":{"line":380,"column":47}},"loc":{"start":{"line":380,"column":60},"end":{"line":402,"column":null}},"line":380},"53":{"name":"(anonymous_53)","decl":{"start":{"line":390,"column":9},"end":{"line":390,"column":15}},"loc":{"start":{"line":390,"column":28},"end":{"line":397,"column":null}},"line":390},"54":{"name":"(anonymous_54)","decl":{"start":{"line":398,"column":9},"end":{"line":398,"column":16}},"loc":{"start":{"line":398,"column":26},"end":{"line":401,"column":null}},"line":398},"55":{"name":"(anonymous_55)","decl":{"start":{"line":432,"column":8},"end":{"line":432,"column":38}},"loc":{"start":{"line":432,"column":51},"end":{"line":453,"column":null}},"line":432},"56":{"name":"(anonymous_56)","decl":{"start":{"line":442,"column":9},"end":{"line":442,"column":15}},"loc":{"start":{"line":442,"column":23},"end":{"line":448,"column":null}},"line":442},"57":{"name":"(anonymous_57)","decl":{"start":{"line":449,"column":9},"end":{"line":449,"column":16}},"loc":{"start":{"line":449,"column":26},"end":{"line":452,"column":null}},"line":449},"58":{"name":"(anonymous_58)","decl":{"start":{"line":483,"column":9},"end":{"line":483,"column":34}},"loc":{"start":{"line":483,"column":47},"end":{"line":532,"column":null}},"line":483},"59":{"name":"(anonymous_59)","decl":{"start":{"line":495,"column":9},"end":{"line":495,"column":15}},"loc":{"start":{"line":495,"column":23},"end":{"line":531,"column":null}},"line":495},"60":{"name":"(anonymous_60)","decl":{"start":{"line":500,"column":21},"end":{"line":500,"column":27}},"loc":{"start":{"line":500,"column":40},"end":{"line":521,"column":null}},"line":500},"61":{"name":"(anonymous_61)","decl":{"start":{"line":503,"column":38},"end":{"line":503,"column":50}},"loc":{"start":{"line":503,"column":50},"end":{"line":510,"column":null}},"line":503},"62":{"name":"(anonymous_62)","decl":{"start":{"line":511,"column":33},"end":{"line":511,"column":40}},"loc":{"start":{"line":511,"column":50},"end":{"line":514,"column":null}},"line":511},"63":{"name":"(anonymous_63)","decl":{"start":{"line":522,"column":21},"end":{"line":522,"column":28}},"loc":{"start":{"line":522,"column":38},"end":{"line":525,"column":null}},"line":522},"64":{"name":"(anonymous_64)","decl":{"start":{"line":561,"column":40},"end":{"line":561,"column":47}},"loc":{"start":{"line":561,"column":60},"end":{"line":576,"column":null}},"line":561},"65":{"name":"(anonymous_65)","decl":{"start":{"line":606,"column":8},"end":{"line":606,"column":35}},"loc":{"start":{"line":606,"column":48},"end":{"line":625,"column":null}},"line":606},"66":{"name":"(anonymous_66)","decl":{"start":{"line":614,"column":9},"end":{"line":614,"column":15}},"loc":{"start":{"line":614,"column":23},"end":{"line":620,"column":null}},"line":614},"67":{"name":"(anonymous_67)","decl":{"start":{"line":621,"column":9},"end":{"line":621,"column":16}},"loc":{"start":{"line":621,"column":26},"end":{"line":624,"column":null}},"line":621},"68":{"name":"(anonymous_68)","decl":{"start":{"line":661,"column":41},"end":{"line":661,"column":48}},"loc":{"start":{"line":661,"column":61},"end":{"line":698,"column":null}},"line":661},"69":{"name":"(anonymous_69)","decl":{"start":{"line":736,"column":34},"end":{"line":736,"column":41}},"loc":{"start":{"line":736,"column":54},"end":{"line":746,"column":null}},"line":736},"70":{"name":"(anonymous_70)","decl":{"start":{"line":739,"column":45},"end":{"line":739,"column":50}},"loc":{"start":{"line":739,"column":59},"end":{"line":739,"column":90}},"line":739},"71":{"name":"(anonymous_71)","decl":{"start":{"line":782,"column":41},"end":{"line":782,"column":48}},"loc":{"start":{"line":782,"column":61},"end":{"line":801,"column":null}},"line":782},"72":{"name":"(anonymous_72)","decl":{"start":{"line":837,"column":33},"end":{"line":837,"column":40}},"loc":{"start":{"line":837,"column":53},"end":{"line":865,"column":null}},"line":837},"73":{"name":"(anonymous_73)","decl":{"start":{"line":902,"column":46},"end":{"line":902,"column":53}},"loc":{"start":{"line":902,"column":66},"end":{"line":940,"column":null}},"line":902},"74":{"name":"(anonymous_74)","decl":{"start":{"line":973,"column":47},"end":{"line":973,"column":54}},"loc":{"start":{"line":973,"column":67},"end":{"line":999,"column":null}},"line":973},"75":{"name":"(anonymous_75)","decl":{"start":{"line":1038,"column":30},"end":{"line":1038,"column":37}},"loc":{"start":{"line":1038,"column":50},"end":{"line":1058,"column":null}},"line":1038},"76":{"name":"(anonymous_76)","decl":{"start":{"line":1042,"column":63},"end":{"line":1042,"column":70}},"loc":{"start":{"line":1042,"column":78},"end":{"line":1051,"column":11}},"line":1042},"77":{"name":"(anonymous_77)","decl":{"start":{"line":1046,"column":26},"end":{"line":1046,"column":35}},"loc":{"start":{"line":1046,"column":47},"end":{"line":1048,"column":null}},"line":1046},"78":{"name":"(anonymous_78)","decl":{"start":{"line":1098,"column":33},"end":{"line":1098,"column":40}},"loc":{"start":{"line":1098,"column":53},"end":{"line":1123,"column":null}},"line":1098},"79":{"name":"(anonymous_79)","decl":{"start":{"line":1111,"column":22},"end":{"line":1111,"column":31}},"loc":{"start":{"line":1111,"column":43},"end":{"line":1114,"column":null}},"line":1111},"80":{"name":"(anonymous_80)","decl":{"start":{"line":1155,"column":39},"end":{"line":1155,"column":46}},"loc":{"start":{"line":1155,"column":59},"end":{"line":1174,"column":null}},"line":1155},"81":{"name":"(anonymous_81)","decl":{"start":{"line":1222,"column":29},"end":{"line":1222,"column":36}},"loc":{"start":{"line":1222,"column":49},"end":{"line":1276,"column":null}},"line":1222},"82":{"name":"(anonymous_82)","decl":{"start":{"line":1315,"column":38},"end":{"line":1315,"column":45}},"loc":{"start":{"line":1315,"column":58},"end":{"line":1380,"column":null}},"line":1315},"83":{"name":"(anonymous_83)","decl":{"start":{"line":1416,"column":42},"end":{"line":1416,"column":49}},"loc":{"start":{"line":1416,"column":62},"end":{"line":1469,"column":null}},"line":1416},"84":{"name":"(anonymous_84)","decl":{"start":{"line":1454,"column":32},"end":{"line":1454,"column":39}},"loc":{"start":{"line":1454,"column":46},"end":{"line":1459,"column":null}},"line":1454},
[...]
ed:undefined:undefined:undefined":105,"s:1366:12:1366:Infinity":420,"s:1366:46:1366:Infinity":421,"b:1368:12:1369:Infinity:undefined:undefined:undefined:undefined":106,"s:1368:12:1369:Infinity":422,"s:1369:16:1369:Infinity":423,"s:1372:12:1372:Infinity":424,"s:1375:8:1375:Infinity":425,"s:1377:8:1377:Infinity":426,"s:1378:8:1378:Infinity":427,"s:1416:0:1469:Infinity":428,"f:1416:42:1416:49":83,"s:1417:22:1417:Infinity":429,"s:1418:23:1418:Infinity":430,"s:1420:17:1420:Infinity":431,"s:1421:4:1428:Infinity":432,"s:1422:33:1422:98":433,"b:1423:8:1424:Infinity:undefined:undefined:undefined:undefined":107,"s:1423:8:1424:Infinity":434,"s:1424:12:1424:Infinity":435,"s:1427:8:1427:Infinity":436,"s:1428:8:1428:Infinity":437,"s:1431:4:1431:Infinity":438,"b:1433:4:1434:Infinity:undefined:undefined:undefined:undefined":108,"s:1433:4:1434:Infinity":439,"s:1434:8:1434:Infinity":440,"b:1437:4:1438:Infinity:undefined:undefined:undefined:undefined":109,"s:1437:4:1438:Infinity":441,"s:1438:8:1438:Infinity":442,"s:1441:4:1467:Infinity":443,"s:1442:24:1442:41":444,"s:1443:24:1443:43":445,"b:1444:8:1445:Infinity:undefined:undefined:undefined:undefined":110,"s:1444:8:1445:Infinity":446,"s:1445:12:1445:Infinity":447,"s:1448:24:1448:53":448,"b:1449:8:1450:Infinity:undefined:undefined:undefined:undefined":111,"s:1449:8:1450:Infinity":449,"s:1450:12:1450:Infinity":450,"s:1453:28:1453:43":451,"s:1454:8:1459:Infinity":452,"f:1454:32:1454:39":84,"s:1455:12:1455:Infinity":453,"s:1456:12:1458:Infinity":454,"s:1461:8:1464:Infinity":455,"s:1466:8:1466:Infinity":456,"s:1467:8:1467:Infinity":457,"s:1505:0:1587:Infinity":458,"f:1505:39:1505:46":85,"s:1506:22:1506:Infinity":459,"s:1507:41:1507:Infinity":460,"b:1509:4:1510:Infinity:undefined:undefined:undefined:undefined":112,"s:1509:4:1510:Infinity":461,"b:1509:8:1509:19:1509:19:1509:47:1509:47:1509:54":113,"s:1510:8:1510:Infinity":462,"s:1513:4:1521:Infinity":463,"s:1514:27:1514:59":464,"s:1515:31:1515:Infinity":465,"b:1515:51:1515:68:1515:71:1515:Infinity":114,"b:1516:8:1517:Infinity:undefined:undefined:undefined:undefined":115,"s:1516:8:1517:Infinity":466,"b:1516:12:1516:31:1516:31:1516:71":116,"s:1517:12:1517:Infinity":467,"s:1520:8:1520:Infinity":468,"s:1521:8:1521:Infinity":469,"b:1524:4:1525:Infinity:undefined:undefined:undefined:undefined":117,"s:1524:4:1525:Infinity":470,"s:1525:8:1525:Infinity":471,"s:1528:4:1585:Infinity":472,"s:1529:24:1529:53":473,"b:1530:8:1531:Infinity:undefined:undefined:undefined:undefined":118,"s:1530:8:1531:Infinity":474,"s:1531:12:1531:Infinity":475,"b:1534:8:1542:Infinity:undefined:undefined:undefined:undefined":119,"s:1534:8:1542:Infinity":476,"b:1537:12:1538:Infinity:undefined:undefined:undefined:undefined":120,"s:1537:12:1538:Infinity":477,"s:1538:16:1538:Infinity":478,"s:1541:12:1541:Infinity":479,"s:1542:12:1542:Infinity":480,"s:1545:26:1545:56":481,"b:1545:26:1545:54:1545:54:1545:56":121,"b:1546:8:1547:Infinity:undefined:undefined:undefined:undefined":122,"s:1546:8:1547:Infinity":482,"s:1547:12:1547:Infinity":483,"s:1550:28:1550:65":484,"b:1551:8:1552:Infinity:undefined:undefined:undefined:undefined":123,"s:1551:8:1552:Infinity":485,"s:1552:12:1552:Infinity":486,"s:1555:29:1555:47":487,"b:1556:8:1557:Infinity:undefined:undefined:undefined:undefined":124,"s:1556:8:1557:Infinity":488,"s:1557:12:1557:Infinity":489,"s:1560:24:1560:70":490,"b:1561:8:1562:Infinity:undefined:undefined:undefined:undefined":125,"s:1561:8:1562:Infinity":491,"s:1562:12:1562:Infinity":492,"b:1564:8:1565:Infinity:undefined:undefined:undefined:undefined":126,"s:1564:8:1565:Infinity":493,"s:1565:12:1565:Infinity":494,"s:1568:25:1568:85":495,"b:1570:8:1571:Infinity:undefined:undefined:undefined:undefined":127,"s:1570:8:1571:Infinity":496,"s:1571:12:1571:Infinity":497,"b:1576:8:1577:Infinity:undefined:undefined:undefined:undefined":128,"s:1576:8:1577:Infinity":498,"s:1577:12:1577:Infinity":499,"s:1580:8:1580:Infinity":500,"s:1582:8:1582:Infinity":501,"s:1584:8:1584:Infinity":502,"s:1585:8:1585:Infinity":503,"s:1624:0:1665:Infinity":504,"f:1624:43:1624:50":86,"s:1625:19:1625:Infinity":505,"b:1627:4:1628:Infinity:undefined:undefined:undefined:undefined":129,"s:1627:4:1628:Infinity":506,"s:1628:8:1628:Infinity":507,"s:1631:4:1663:Infinity":508,"s:1632:24:1632:53":509,"b:1633:8:1634:Infinity:undefined:undefined:undefined:undefined":130,"s:1633:8:1634:Infinity":510,"s:1634:12:1634:Infinity":511,"s:1637:26:1637:56":512,"b:1637:26:1637:54:1637:54:1637:56":131,"s:1638:33:1638:85":513,"s:1639:30:1639:32":514,"s:1641:8:1656:Infinity":515,"s:1642:25:1642:Infinity":516,"s:1643:31:1643:Infinity":517,"b:1646:12:1656:Infinity:1655:23:1656:Infinity":132,"s:1646:12:1656:Infinity":518,"b:1646:16:1646:30:1646:30:1646:60":133,"s:1647:36:1647:73":519,"b:1648:16:1653:Infinity:undefined:undefined:undefined:undefined":134,"s:1648:16:1653:Infinity":520,"s:1649:20:1653:Infinity":521,"b:1655:23:1656:Infinity:undefined:undefined:undefined:undefined":135,"s:1655:23:1656:Infinity":522,"s:1656:16:1656:Infinity":523,"s:1660:8:1660:Infinity":524,"s:1662:8:1662:Infinity":525,"s:1663:8:1663:Infinity":526,"s:1712:0:1867:Infinity":527,"f:1712:38:1712:45":87,"s:1713:19:1713:Infinity":528,"b:1715:4:1716:Infinity:undefined:undefined:undefined:undefined":136,"s:1715:4:1716:Infinity":529,"s:1716:8:1716:Infinity":530,"s:1719:4:1865:Infinity":531,"s:1720:24:1720:53":532,"b:1721:8:1722:Infinity:undefined:undefined:undefined:undefined":137,"s:1721:8:1722:Infinity":533,"s:1722:12:1722:Infinity":534,"s:1724:26:1724:56":535,"b:1724:26:1724:54:1724:54:1724:56":138,"s:1726:39:1728:54":536,"f:1727:13:1727:18":88,"s:1727:33:1727:64":537,"b:1727:40:1727:54:1727:54:1727:57":139,"f:1728:13:1728:21":89,"s:1728:36:1728:54":538,"s:1730:8:1730:Infinity":539,"b:1732:8:1733:Infinity:undefined:undefined:undefined:undefined":140,"s:1732:8:1733:Infinity":540,"s:1733:12:1733:Infinity":541,"s:1736:43:1736:79":542,"s:1738:29:1738:102":543,"f:1738:56:1738:61":90,"s:1738:76:1738:101":544,"s:1739:29:1739:61":545,"s:1741:48:1741:57":546,"s:1742:30:1742:39":547,"s:1744:8:1744:Infinity":548,"f:1744:84:1744:88":91,"s:1744:96:1744:132":549,"s:1746:8:1777:Infinity":550,"f:1746:21:1746:30":92,"s:1747:12:1747:Infinity":551,"b:1748:12:1750:Infinity:undefined:undefined:undefined:undefined":141,"s:1748:12:1750:Infinity":552,"s:1749:16:1749:Infinity":553,"s:1750:16:1750:Infinity":554,"s:1753:33:1753:51":555,"s:1754:41:1761:48":556,"f:1760:17:1760:22":93,"s:1760:32:1760:58":557,"b:1760:39:1760:48:1760:48:1760:51":142,"f:1761:17:1761:25":94,"s:1761:35:1761:48":558,"b:1763:12:1768:Infinity:undefined:undefined:undefined:undefined":143,"s:1763:12:1768:Infinity":559,"s:1764:16:1767:Infinity":560,"s:1768:16:1768:Infinity":561,"s:1771:37:1771:71":562,"s:1772:12:1772:Infinity":563,"s:1774:12:1776:Infinity":564,"f:1774:29:1774:38":95,"s:1775:16:1775:Infinity":565,"s:1780:34:1780:52":566,"b:1781:8:1783:Infinity:undefined:undefined:undefined:undefined":144,"s:1781:8:1783:Infinity":567,"s:1782:12:1782:Infinity":568,"s:1783:12:1783:Infinity":569,"s:1786:8:1786:Infinity":570,"s:1788:29:1788:89":571,"f:1788:47:1788:52":96,"s:1788:67:1788:88":572,"s:1789:8:1789:Infinity":573,"f:1789:101:1789:105":97,"s:1789:112:1789:121":574,"s:1790:29:1790:61":575,"s:1791:8:1791:Infinity":576,"f:1791:84:1791:88":98,"s:1791:96:1791:132":577,"s:1793:8:1793:Infinity":578,"f:1793:84:1793:88":99,"s:1793:96:1793:132":579,"s:1795:29:1795:38":580,"s:1796:8:1821:Infinity":581,"f:1796:43:1796:50":100,"b:1797:12:1798:Infinity:undefined:undefined:undefined:undefined":145,"s:1797:12:1798:Infinity":582,"s:1798:16:1798:Infinity":583,"s:1801:34:1801:86":584,"s:1802:33:1802:Infinity":585,"s:1804:26:1811:Infinity":586,"b:1804:41:1811:16:1811:16:1811:Infinity":146,"s:1813:12:1820:Infinity":587,"s:1824:31:1824:33":588,"s:1825:8:1855:Infinity":589,"f:1825:31:1825:40":101,"s:1826:41:1826:94":590,"b:1826:41:1826:88:1826:92:1826:94":147,"s:1827:39:1827:112":591,"f:1827:60:1827:66":102,"s:1827:82:1827:111":592,"s:1828:29:1828:Infinity":593,"b:1828:50:1828:86:1828:89:1828:Infinity":148,"s:1830:12:1833:Infinity":594,"b:1835:12:1840:Infinity:undefined:undefined:undefined:undefined":149,"s:1835:12:1840:Infinity":595,"s:1836:16:1839:Infinity":596,"s:1840:16:1840:Infinity":597,"s:1843:12:1843:Infinity":598,"s:1845:12:1854:Infinity":599,"s:1857:8:1859:Infinity":600,"s:1861:8:1861:Infinity":601,"s:1864:8:1864:Infinity":602,"s:1865:8:1865:Infinity":603,"s:1905:0:1939:Infinity":604,"f:1905:40:1905:47":103,"s:1906:4:1937:Infinity":605,"s:1907:25:1907:90":606,"s:1908:30:1908:32":607,"s:1910:8:1910:Infinity":608,"s:1912:8:1930:Infinity":609,"s:1913:32:1913:42":610,"s:1914:28:1914:69":611,"s:1915:28:1915:69":612,"s:1917:12:1917:Infinity":613,"s:1918:12:1918:Infinity":614,"s:1919:12:1919:Infinity":615,"b:1921:12:1930:Infinity:undefined:undefined:undefined:undefined":150,"s:1921:12:1930:Infinity":616,"b:1921:16:1921:34:1921:34:1921:50":151,"s:1922:16:1930:Infinity":617,"s:1933:8:1933:Infinity":618,"s:1936:8:1936:Infinity":619,"s:1937:8:1937:Infinity":620,"s:1974:0:2008:Infinity":621,"f:1974:42:1974:49":104,"s:1975:4:2006:Infinity":622,"s:1976:25:1976:91":623,"s:1977:30:1977:32":624,"s:1979:8:1979:Infinity":625,"s:1981:8:1999:Infinity":626,"s:1982:32:1982:42":627,"s:1983:28:1983:69":628,"s:1984:28:1984:69":629,"s:1986:12:1986:Infinity":630,"s:1987:12:1987:Infinity":631,"s:1988:12:1988:Infinity":632,"b:1990:12:1999:Infinity:undefined:undefined:undefined:undefined":152,"s:1990:12:1999:Infinity":633,"b:1990:16:1990:34:1990:34:1990:50":153,"s:1991:16:1999:Infinity":634,"s:2002:8:2002:Infinity":635,"s:2005:8:2005:Infinity":636,"s:2006:8:2006:Infinity":637,"s:2047:0:2097:Infinity":638,"f:2047:42:2047:49":105,"s:2048:19:2048:Infinity":639,"b:2049:4:2050:Infinity:undefined:undefined:undefined:undefined":154,"s:2049:4:2050:Infinity":640,"s:2050:8:2050:Infinity":641,"s:2053:4:2095:Infinity":642,"s:2054:25:2054:92":643,"s:2055:30:2055:32":644,"s:2057:8:2087:Infinity":645,"s:2058:32:2058:42":646,"s:2059:28:2059:69":647,"b:2061:12:2087:Infinity:undefined:undefined:undefined:undefined":155,"s:2061:12:2087:Infinity":648,"s:2062:22:2062:Infinity":649,"b:2062:22:2062:85:2062:85:2062:Infinity":156,"b:2064:16:2087:Infinity:2078:21:2087:Infinity":157,"s:2064:16:2087:Infinity":650,"s:2065:26:2065:Infinity":651,"b:2065:26:2065:103:2065:103:2065:Infinity":158,"s:2067:20:2076:Infinity":652,"s:2079:20:2087:Infinity":653,"s:2091:8:2091:Infinity":654,"s:2094:8:2094:Infinity":655,"s:2095:8:2095:Infinity":656,"s:2129:0:2156:Infinity":657,"f:2129:49:2129:56":106,"s:2130:19:2130:Infinity":658,"b:2132:4:2133:Infinity:undefined:undefined:undefined:undefined":159,"s:2132:4:2133:Infinity":659,"s:2133:8:2133:Infinity":660,"s:2136:4:2154:Infinity":661,"s:2137:25:2137:75":662,"s:2138:28:2138:30":663,"s:2140:8:2147:Infinity":664,"f:2140:17:2140:26":107,"s:2141:34:2141:Infinity":665,"s:2142:41:2142:75":666,"b:2142:48:2142:65:2142:65:2142:68":160,"b:2144:12:2145:Infinity:undefined:undefined:undefined:undefined":161,"s:2144:12:2145:Infinity":667,"s:2145:16:2145:Infinity":668,"s:2149:34:2149:59":669,"s:2150:8:2150:Infinity":670,"s:2153:8:2153:Infinity":671,"s:2154:8:2154:Infinity":672,"s:2194:0:2257:Infinity":673,"f:2194:32:2194:39":108,"s:2195:50:2195:Infinity":674,"b:2197:4:2198:Infinity:undefined:undefined:undefined:undefined":162,"s:2197:4:2198:Infinity":675,"b:2197:8:2197:19:2197:19:2197:30:2197:30:2197:45:2197:45:2197:53":163,"s:2198:8:2198:Infinity":676,"b:2201:4:2202:Infinity:undefined:undefined:undefined:undefined":164,"s:2201:4:2202:Infinity":677,"s:2202:8:2202:Infinity":678,"s:2205:4:2255:Infinity":679,"s:2206:24:2206:53":680,"b:2207:8:2208:Infinity:undefined:undefined:undefined:undefined":165,"s:2207:8:2208:Infinity":681,"s:2208:12:2208:Infinity":682,"s:2212:26:2212:56":683,"b:2212:26:2212:54:2212:54:2212:56":166,"b:2213:8:2214:Infinity:undefined:undefined:undefined:undefined":167,"s:2213:8:2214:Infinity":684,"s:2214:12:2214:Infinity":685,"s:2218:33:2218:119":686,"b:2219:8:2220:Infinity:undefined:undefined:undefined:undefined":168,"s:2219:8:2220:Infinity":687,"s:2220:12:2220:Infinity":688,"s:2224:24:2224:53":689,"b:2225:8:2226:Infinity:undefined:undefined:undefined:undefined":169,"s:2225:8:2226:Infinity":690,"s:2226:12:2226:Infinity":691,"s:2230:28:2230:65":692,"b:2231:8:2232:Infinity:undefined:undefined:undefined:undefined":170,"s:2231:8:2232:Infinity":693,"s:2232:12:2232:Infinity":694,"b:2234:8:2235:Infinity:undefined:undefined:undefined:undefined":171,"s:2234:8:2235:Infinity":695,"s:2235:12:2235:Infinity":696,"b:2239:8:2240:Infinity:undefined:undefined:undefined:undefined":172,"s:2239:8:2240:Infinity":697,"s:2240:12:2240:Infinity":698,"s:2244:33:2244:123":699,"b:2245:8:2246:Infinity:undefined:undefined:undefined:undefined":173,"s:2245:8:2246:Infinity":700,"s:2246:12:2246:Infinity":701,"s:2250:8:2250:Infinity":702,"s:2251:8:2251:Infinity":703,"s:2254:8:2254:Infinity":704,"s:2255:8:2255:Infinity":705,"s:2290:0:2319:Infinity":706,"f:2290:45:2290:52":109,"s:2291:23:2291:Infinity":707,"s:2292:22:2292:Infinity":708,"b:2294:4:2295:Infinity:undefined:undefined:undefined:undefined":174,"s:2294:4:2295:Infinity":709,"b:2294:8:2294:19:2294:19:2294:31":175,"s:2295:8:2295:Infinity":710,"s:2298:4:2317:Infinity":711,"s:2299:24:2299:53":712,"b:2300:8:2301:Infinity:undefined:undefined:undefined:undefined":176,"s:2300:8:2301:Infinity":713,"s:2301:12:2301:Infinity":714,"s:2304:27:2304:62":715,"b:2305:8:2306:Infinity:undefined:undefined:undefined:undefined":177,"s:2305:8:2306:Infinity":716,"s:2306:12:2306:Infinity":717,"b:2308:8:2309:Infinity:undefined:undefined:undefined:undefined":178,"s:2308:8:2309:Infinity":718,"s:2309:12:2309:Infinity":719,"s:2312:8:2312:Infinity":720,"s:2313:8:2313:Infinity":721,"s:2316:8:2316:Infinity":722,"s:2317:8:2317:Infinity":723,"s:2352:0:2433:Infinity":724,"f:2352:40:2352:47":110,"s:2353:23:2353:Infinity":725,"s:2354:22:2354:Infinity":726,"b:2356:4:2357:Infinity:undefined:undefined:undefined:undefined":179,"s:2356:4:2357:Infinity":727,"b:2356:8:2356:19:2356:19:2356:31":180,"s:2357:8:2357:Infinity":728,"s:2360:4:2430:Infinity":729,"s:2361:25:2361:54":730,"b:2363:8:2364:Infinity:undefined:undefined:undefined:undefined":181,"s:2363:8:2364:Infinity":731,"s:2364:12:2364:Infinity":732,"s:2367:27:2367:62":733,"b:2369:8:2370:Infinity:undefined:undefined:undefined:undefined":182,"s:2369:8:2370:Infinity":734,"s:2370:12:2370:Infinity":735,"s:2372:28:2372:45":736,"b:2374:8:2375:Infinity:undefined:undefined:undefined:undefined":183,"s:2374:8:2375:Infinity":737,"s:2375:12:2375:Infinity":738,"s:2378:26:2378:67":739,"b:2380:8:2381:Infinity:undefined:undefined:undefined:undefined":184,"s:2380:8:2381:Infinity":740,"s:2381:12:2381:Infinity":741,"b:2384:8:2385:Infinity:undefined:undefined:undefined:undefined":185,"s:2384:8:2385:Infinity":742,"s:2385:12:2385:Infinity":743,"s:2388:26:2388:41":744,"b:2390:8:2391:Infinity:undefined:undefined:undefined:undefined":186,"s:2390:8:2391:Infinity":745,"s:2391:12:2391:Infinity":746,"b:2394:8:2395:Infinity:undefined:undefined:undefined:undefined":187,"s:2394:8:2395:Infinity":747,"s:2395:12:2395:Infinity":748,"s:2398:8:2398:Infinity":749,"s:2401:8:2417:Infinity":750,"f:2401:32:2401:39":111,"s:2403:12:2406:Infinity":751,"s:2408:12:2411:Infinity":752,"s:2413:12:2416:Infinity":753,"s:2420:22:2420:66":754,"b:2421:8:2422:Infinity:undefined:undefined:undefined:undefined":188,"s:2421:8:2422:Infinity":755,"s:2422:12:2422:Infinity":756,"s:2425:8:2425:Infinity":757,"s:2429:8:2429:Infinity":758,"s:2430:8:2430:Infinity":759,"s:2468:0:2487:Infinity":760,"f:2468:30:2468:37":112,"s:2469:4:2485:Infinity":761,"s:2470:25:2470:59":762,"s:2471:27:2471:29":763,"s:2473:8:2481:Infinity":764,"f:2473:17:2473:26":113,"s:2474:29:2474:39":765,"s:2475:12:2480:Infinity":766,"s:2482:8:2482:Infinity":767,"s:2484:8:2484:Infinity":768,"s:2485:8:2485:Infinity":769,"s:2517:0:2535:Infinity":770,"f:2517:39:2517:46":114,"s:2518:19:2518:Infinity":771,"b:2520:4:2521:Infinity:undefined:undefined:undefined:undefined":189,"s:2520:4:2521:Infinity":772,"s:2521:8:2521:Infinity":773,"s:2524:4:2533:Infinity":774,"s:2525:24:2525:53":775,"b:2526:8:2527:Infinity:undefined:undefined:undefined:undefined":190,"s:2526:8:2527:Infinity":776,"s:2527:12:2527:Infinity":777,"s:2529:27:2529:58":778,"b:2529:27:2529:56:2529:56:2529:58":191,"s:2530:8:2530:Infinity":779,"s:2532:8:2532:Infinity":780,"s:2533:8:2533:Infinity":781,"s:2568:0:2607:Infinity":782,"f:2568:39:2568:46":115,"s:2569:23:2569:Infinity":783,"s:2570:19:2570:Infinity":784,"b:2572:4:2573:Infinity:undefined:undefined:undefined:undefined":192,"s:2572:4:2573:Infinity":785,"b:2572:8:2572:19:2572:19:2572:41":193,"s:2573:8:2573:Infinity":786,"s:2576:4:2605:Infinity":787,"s:2577:24:2577:53":788,"b:2578:8:2579:Infinity:undefined:undefined:undefined:undefined":194,"s:2578:8:2579:Infinity":789,"s:2579:12:2579:Infinity":790,"s:2582:24:2582:70":791,"b:2583:8:2584:Infinity:undefined:undefined:undefined:undefined":195,"s:2583:8:2584:Infinity":792,"s:2584:12:2584:Infinity":793,"s:2586:25:2586:39":794,"b:2588:8:2589:Infinity:undefined:undefined:undefined:undefined":196,"s:2588:8:2589:Infinity":795,"s:2589:12:2589:Infinity":796,"s:2592:27:2592:58":797,"b:2592:27:2592:56:2592:56:2592:58":197,"b:2593:8:2594:Infinity:undefined:undefined:undefined:undefined":198,"s:2593:8:2594:Infinity":798,"s:2594:12:2594:Infinity":799,"s:2597:8:2600:Infinity":800,"s:2602:8:2602:Infinity":801,"s:2604:8:2604:Infinity":802,"s:2605:8:2605:Infinity":803,"s:2640:0:2671:Infinity":804,"f:2640:53:2640:60":116,"s:2641:4:2669:Infinity":805,"s:2642:27:2642:Infinity":806,"s:2643:21:2643:Infinity":807,"b:2644:8:2645:Infinity:undefined:undefined:undefined:undefined":199,"s:2644:8:2645:Infinity":808,"b:2644:12:2644:23:2644:23:2644:32:2644:32:2644:52":200,"s:2645:12:2645:Infinity":809,"b:2648:8:2649:Infinity:undefined:undefined:undefined:undefined":201,"s:2648:8:2649:Infinity":810,"s:2649:12:2649:Infinity":811,"s:2652:14:2662:Infinity":812,"f:2652:14:2652:Infinity":117,"s:2653:12:2662:Infinity":813,"f:2653:16:2653:25":118,"s:2654:31:2660:Infinity":814,"f:2655:52:2655:Infinity":119,"b:2657:24:2657:Infinity:undefined:undefined:undefined:undefined":202,"s:2657:24:2657:Infinity":815,"s:2657:35:2657:Infinity":816,"s:2658:24:2658:Infinity":817,"s:2661:16:2661:Infinity":818,"s:2664:23:2664:47":819,"s:2665:8:2665:Infinity":820,"s:2668:8:2668:Infinity":821,"s:2669:8:2669:Infinity":822,"s:2702:0:2721:Infinity":823,"f:2702:32:2702:39":120,"s:2703:33:2703:Infinity":824,"b:2705:4:2706:Infinity:undefined:undefined:undefined:undefined":203,"s:2705:4:2706:Infinity":825,"b:2705:8:2705:19:2705:19:2705:30":204,"s:2706:8:2706:Infinity":826,"b:2709:4:2710:Infinity:undefined:undefined:undefined:undefined":205,"s:2709:4:2710:Infinity":827,"s:2710:8:2710:Infinity":828,"s:2713:4:2719:Infinity":829,"s:2714:23:2714:66":830,"s:2715:8:2715:Infinity":831,"s:2716:8:2716:Infinity":832,"s:2718:8:2718:Infinity":833,"s:2719:8:2719:Infinity":834,"s:2751:0:2766:Infinity":835,"f:2751:36:2751:43":121,"s:2752:19:2752:Infinity":836,"b:2754:4:2755:Infinity:undefined:undefined:undefined:undefined":206,"s:2754:4:2755:Infinity":837,"s:2755:8:2755:Infinity":838,"s:2758:4:2764:Infinity":839,"s:2759:28:2759:49":840,"s:2760:8:2760:Infinity":841,"s:2763:8:2763:Infinity":842,"s:2764:8:2764:Infinity":843,"f:2775:15:2775:23":122,"s:2776:4:2784:Infinity":844,"f:2777:9:2777:15":123,"s:2778:12:2778:Infinity":845,"s:2779:12:2779:Infinity":846,"f:2781:9:2781:16":124,"s:2782:12:2782:Infinity":847,"s:2783:12:2783:Infinity":848,"s:2809:0:2812:Infinity":849,"f:2809:8:2809:23":125,"s:2810:4:2810:Infinity":850,"s:2811:4:2811:Infinity":851,"s:2814:13:2814:Infinity":852,"f:2816:9:2816:23":126,"s:2817:4:2822:Infinity":853,"f:2817:22:2817:34":127,"s:2818:8:2818:Infinity":854,"s:2819:8:2819:Infinity":855,"s:2820:8:2820:Infinity":856,"s:2821:8:2821:Infinity":857,"b:2825:0:2826:Infinity:undefined:undefined:undefined:undefined":207,"s:2825:0:2826:Infinity":858,"s:2826:4:2826:Infinity":859,"s:2829:0:2835:Infinity":860,"b:2834:32:2834:47:2834:47:2834:Infinity":208}}}
}
